{"numTotalTestSuites":2,"numPassedTestSuites":0,"numFailedTestSuites":2,"numPendingTestSuites":0,"numTotalTests":22,"numPassedTests":10,"numFailedTests":12,"numPendingTests":0,"numTodoTests":0,"snapshot":{"added":0,"failure":false,"filesAdded":0,"filesRemoved":0,"filesRemovedList":[],"filesUnmatched":0,"filesUpdated":0,"matched":0,"total":0,"unchecked":0,"uncheckedKeysByFile":[],"unmatched":0,"updated":0,"didUpdate":false},"startTime":1782827220075,"success":false,"testResults":[{"assertionResults":[{"ancestorTitles":["quality workspace interactions"],"fullName":"quality workspace interactions renders age-group coverage in both dataset details and KPI cards","status":"failed","title":"renders age-group coverage in both dataset details and KPI cards","duration":80.41629999999986,"failureMessages":["TestingLibraryElementError: Unable to find a label with the text of: 质检指标\n\nIgnored nodes: comments, script, style\n\u001b[36m<body>\u001b[39m\n  \u001b[36m<div>\u001b[39m\n    \u001b[36m<div\u001b[39m\n      \u001b[33mclass\u001b[39m=\u001b[32m\"min-h-full bg-[#f5f7fb] text-[#202733]\"\u001b[39m\n    \u001b[36m>\u001b[39m\n      \u001b[36m<header\u001b[39m\n        \u001b[33mclass\u001b[39m=\u001b[32m\"flex min-h-[58px] flex-wrap items-center justify-between gap-3 border-b border-[#dfe4ea] bg-white px-5 py-3\"\u001b[39m\n      \u001b[36m>\u001b[39m\n        \u001b[36m<div\u001b[39m\n          \u001b[33mclass\u001b[39m=\u001b[32m\"min-w-0\"\u001b[39m\n        \u001b[36m>\u001b[39m\n          \u001b[36m<h1\u001b[39m\n            \u001b[33mclass\u001b[39m=\u001b[32m\"text-xl font-semibold text-[#151922]\"\u001b[39m\n          \u001b[36m>\u001b[39m\n            \u001b[0m批量检测工作台\u001b[0m\n          \u001b[36m</h1>\u001b[39m\n        \u001b[36m</div>\u001b[39m\n        \u001b[36m<div\u001b[39m\n          \u001b[33mclass\u001b[39m=\u001b[32m\"flex flex-wrap items-center gap-3\"\u001b[39m\n        \u001b[36m>\u001b[39m\n          \u001b[36m<button\u001b[39m\n            \u001b[33mclass\u001b[39m=\u001b[32m\"inline-flex h-9 items-center gap-2 rounded-md border border-[#ccd5df] bg-white px-3 text-sm font-medium text-[#344054] hover:bg-[#f7f9fb]\"\u001b[39m\n            \u001b[33mtype\u001b[39m=\u001b[32m\"button\"\u001b[39m\n          \u001b[36m>\u001b[39m\n            \u001b[36m<svg\u001b[39m\n              \u001b[33maria-hidden\u001b[39m=\u001b[32m\"true\"\u001b[39m\n              \u001b[33mclass\u001b[39m=\u001b[32m\"lucide lucide-pause h-4 w-4\"\u001b[39m\n              \u001b[33mfill\u001b[39m=\u001b[32m\"none\"\u001b[39m\n              \u001b[33mheight\u001b[39m=\u001b[32m\"24\"\u001b[39m\n              \u001b[33mstroke\u001b[39m=\u001b[32m\"currentColor\"\u001b[39m\n              \u001b[33mstroke-linecap\u001b[39m=\u001b[32m\"round\"\u001b[39m\n              \u001b[33mstroke-linejoin\u001b[39m=\u001b[32m\"round\"\u001b[39m\n              \u001b[33mstroke-width\u001b[39m=\u001b[32m\"2\"\u001b[39m\n              \u001b[33mviewBox\u001b[39m=\u001b[32m\"0 0 24 24\"\u001b[39m\n              \u001b[33mwidth\u001b[39m=\u001b[32m\"24\"\u001b[39m\n              \u001b[33mxmlns\u001b[39m=\u001b[32m\"http://www.w3.org/2000/svg\"\u001b[39m\n            \u001b[36m>\u001b[39m\n              \u001b[36m<rect\u001b[39m\n                \u001b[33mheight\u001b[39m=\u001b[32m\"16\"\u001b[39m\n                \u001b[33mrx\u001b[39m=\u001b[32m\"1\"\u001b[39m\n                \u001b[33mwidth\u001b[39m=\u001b[32m\"4\"\u001b[39m\n                \u001b[33mx\u001b[39m=\u001b[32m\"14\"\u001b[39m\n                \u001b[33my\u001b[39m=\u001b[32m\"4\"\u001b[39m\n              \u001b[36m/>\u001b[39m\n              \u001b[36m<rect\u001b[39m\n                \u001b[33mheight\u001b[39m=\u001b[32m\"16\"\u001b[39m\n                \u001b[33mrx\u001b[39m=\u001b[32m\"1\"\u001b[39m\n                \u001b[33mwidth\u001b[39m=\u001b[32m\"4\"\u001b[39m\n                \u001b[33mx\u001b[39m=\u001b[32m\"6\"\u001b[39m\n                \u001b[33my\u001b[39m=\u001b[32m\"4\"\u001b[39m\n              \u001b[36m/>\u001b[39m\n            \u001b[36m</svg>\u001b[39m\n            \u001b[0m暂停任务\u001b[0m\n          \u001b[36m</button>\u001b[39m\n          \u001b[36m<button\u001b[39m\n            \u001b[33mclass\u001b[39m=\u001b[32m\"inline-flex h-9 items-center gap-2 rounded-md border border-[#ccd5df] bg-white px-3 text-sm font-medium text-[#344054] hover:bg-[#f7f9fb]\"\u001b[39m\n            \u001b[33mtype\u001b[39m=\u001b[32m\"button\"\u001b[39m\n          \u001b[36m>\u001b[39m\n            \u001b[36m<svg\u001b[39m\n              \u001b[33maria-hidden\u001b[39m=\u001b[32m\"true\"\u001b[39m\n              \u001b[33mclass\u001b[39m=\u001b[32m\"lucide lucide-refresh-cw h-4 w-4\"\u001b[39m\n              \u001b[33mfill\u001b[39m=\u001b[32m\"none\"\u001b[39m\n              \u001b[33mheight\u001b[39m=\u001b[32m\"24\"\u001b[39m\n              \u001b[33mstroke\u001b[39m=\u001b[32m\"currentColor\"\u001b[39m\n              \u001b[33mstroke-linecap\u001b[39m=\u001b[32m\"round\"\u001b[39m\n              \u001b[33mstroke-linejoin\u001b[39m=\u001b[32m\"round\"\u001b[39m\n              \u001b[33mstroke-width\u001b[39m=\u001b[32m\"2\"\u001b[39m\n              \u001b[33mviewBox\u001b[39m=\u001b[32m\"0 0 24 24\"\u001b[39m\n              \u001b[33mwidth\u001b[39m=\u001b[32m\"24\"\u001b[39m\n              \u001b[33mxmlns\u001b[39m=\u001b[32m\"http://www.w3.org/2000/svg\"\u001b[39m\n            \u001b[36m>\u001b[39m\n              \u001b[36m<path\u001b[39m\n                \u001b[33md\u001b[39m=\u001b[32m\"M3 12a9 9 0 0 1 9-9 9.75 9.75 0 0 1 6.74 2.74L21 8\"\u001b[39m\n              \u001b[36m/>\u001b[39m\n              \u001b[36m<path\u001b[39m\n                \u001b[33md\u001b[39m=\u001b[32m\"M21 3v5h-5\"\u001b[39m\n              \u001b[36m/>\u001b[39m\n              \u001b[36m<path\u001b[39m\n                \u001b[33md\u001b[39m=\u001b[32m\"M21 12a9 9 0 0 1-9 9 9.75 9.75 0 0 1-6.74-2.74L3 16\"\u001b[39m\n              \u001b[36m/>\u001b[39m\n              \u001b[36m<path\u001b[39m\n                \u001b[33md\u001b[39m=\u001b[32m\"M8 16H3v5\"\u001b[39m\n              \u001b[36m/>\u001b[39m\n            \u001b[36m</svg>\u001b[39m\n            \u001b[0m重新运行\u001b[0m\n          \u001b[36m</button>\u001b[39m\n          \u001b[36m<button\u001b[39m\n            \u001b[33mclass\u001b[39m=\u001b[32m\"inline-flex h-9 items-center gap-2 rounded-md bg-[#0b9a9a] px-3 text-sm font-semibold text-white hover:bg-[#087f7f]\"\u001b[39m\n            \u001b[33mtype\u001b[39m=\u001b[32m\"button\"\u001b[39m\n          \u001b[36m>\u001b[39m\n            \u001b[36m<svg\u001b[39m\n              \u001b[33maria-hidden\u001b[39m=\u001b[32m\"true\"\u001b[39m\n              \u001b[33mclass\u001b[39m=\u001b[32m\"lucide lucide-download h-4 w-4\"\u001b[39m\n              \u001b[33mfill\u001b[39m=\u001b[32m\"none\"\u001b[39m\n              \u001b[33mheight\u001b[39m=\u001b[32m\"24\"\u001b[39m\n              \u001b[33mstroke\u001b[39m=\u001b[32m\"currentColor\"\u001b[39m\n              \u001b[33mstroke-linecap\u001b[39m=\u001b[32m\"round\"\u001b[39m\n              \u001b[33mstroke-linejoin\u001b[39m=\u001b[32m\"round\"\u001b[39m\n              \u001b[33mstroke-width\u001b[39m=\u001b[32m\"2\"\u001b[39m\n              \u001b[33mviewBox\u001b[39m=\u001b[32m\"0 0 24 24\"\u001b[39m\n              \u001b[33mwidth\u001b[39m=\u001b[32m\"24\"\u001b[39m\n              \u001b[33mxmlns\u001b[39m=\u001b[32m\"http://www.w3.org/2000/svg\"\u001b[39m\n            \u001b[36m>\u001b[39m\n              \u001b[36m<path\u001b[39m\n                \u001b[33md\u001b[39m=\u001b[32m\"M21 15v4a2 2 0 0 1-2 2H5a2 2 0 0 1-2-2v-4\"\u001b[39m\n              \u001b[36m/>\u001b[39m\n              \u001b[36m<polyline\u001b[39m\n                \u001b[33mpoints\u001b[39m=\u001b[32m\"7 10 12 15 17 10\"\u001b[39m\n              \u001b[36m/>\u001b[39m\n              \u001b[36m<line\u001b[39m\n                \u001b[33mx1\u001b[39m=\u001b[32m\"12\"\u001b[39m\n                \u001b[33mx2\u001b[39m=\u001b[32m\"12\"\u001b[39m\n                \u001b[33my1\u001b[39m=\u001b[32m\"15\"\u001b[39m\n                \u001b[33my2\u001b[39m=\u001b[32m\"3\"\u001b[39m\n              \u001b[36m/>\u001b[39m\n            \u001b[36m</svg>\u001b[39m\n            \u001b[0m导出结果\u001b[0m\n          \u001b[36m</button>\u001b[39m\n          \u001b[36m<div\u001b[39m\n            \u001b[33mclass\u001b[39m=\u001b[32m\"hidden items-center gap-2 border-l border-[#e4e9ef] pl-3 text-sm text-[#303846] md:flex\"\u001b[39m\n          \u001b[36m>\u001b[39m\n            \u001b[36m<span\u001b[39m\n              \u001b[33mclass\u001b[39m=\u001b[32m\"grid h-8 w-8 place-items-center rounded-full bg-[#eef2f6] text-[#5e6978]\"\u001b[39m\n            \u001b[36m>\u001b[39m\n              \u001b[0m●\u001b[0m\n            \u001b[36m</span>\u001b[39m\n            \u001b[36m<span>\u001b[39m\n              \u001b[0madmin\u001b[0m\n            \u001b[36m</span>\u001b[39m\n            \u001b[36m<svg\u001b[39m\n              \u001b[33maria-hidden\u001b[39m=\u001b[32m\"true\"\u001b[39m\n              \u001b[33mclass\u001b[39m=\u001b[32m\"lucide lucide-chevron-down h-4 w-4 text-[#5e6978]\"\u001b[39m\n              \u001b[33mfill\u001b[39m=\u001b[32m\"none\"\u001b[39m\n              \u001b[33mheight\u001b[39m=\u001b[32m\"24\"\u001b[39m\n              \u001b[33mstroke\u001b[39m=\u001b[32m\"currentColor\"\u001b[39m\n              \u001b[33mstroke-linecap\u001b[39m=\u001b[32m\"round\"\u001b[39m\n              \u001b[33mstroke-linejoin\u001b[39m=\u001b[32m\"round\"\u001b[39m\n              \u001b[33mstroke-width\u001b[39m=\u001b[32m\"2\"\u001b[39m\n              \u001b[33mviewBox\u001b[39m=\u001b[32m\"0 0 24 24\"\u001b[39m\n              \u001b[33mwidth\u001b[39m=\u001b[32m\"24\"\u001b[39m\n              \u001b[33mxmlns\u001b[39m=\u001b[32m\"http://www.w3.org/2000/svg\"\u001b[39m\n            \u001b[36m>\u001b[39m\n              \u001b[36m<path\u001b[39m\n                \u001b[33md\u001b[39m=\u001b[32m\"m6 9 6 6 6-6\"\u001b[39m\n              \u001b[36m/>\u001b[39m\n            \u001b[36m</svg>\u001b[39m\n          \u001b[36m</div>\u001b[39m\n        \u001b[36m</div>\u001b[39m\n      \u001b[36m</header>\u001b[39m\n      \u001b[36m<main\u001b[39m\n        \u001b[33mclass\u001b[39m=\u001b[32m\"grid gap-4 p-4 xl:grid-cols-[minmax(0,1fr)_400px]\"\u001b[39m\n      \u001b[36m>\u001b[39m\n        \u001b[36m<section\u001b[39m\n          \u001b[33mclass\u001b[39m=\u001b[32m\"min-w-0 space-y-3\"\u001b[39m\n        \u001b[36m>\u001b[39m\n          \u001b[36m<section\u001b[39m\n            \u001b[33maria-label\u001b[39m=\u001b[32m...\n    at Object.getElementError (d:\\Github\\clone\\tijianbaogao\\门店数据诊断智能体\\store-ai-clinic-web\\node_modules\\@testing-library\\dom\\dist\\config.js:37:19)\n    at getAllByLabelText (d:\\Github\\clone\\tijianbaogao\\门店数据诊断智能体\\store-ai-clinic-web\\node_modules\\@testing-library\\dom\\dist\\queries\\label-text.js:111:38)\n    at d:\\Github\\clone\\tijianbaogao\\门店数据诊断智能体\\store-ai-clinic-web\\node_modules\\@testing-library\\dom\\dist\\query-helpers.js:52:17\n    at d:\\Github\\clone\\tijianbaogao\\门店数据诊断智能体\\store-ai-clinic-web\\node_modules\\@testing-library\\dom\\dist\\query-helpers.js:95:19\n    at d:\\Github\\clone\\tijianbaogao\\门店数据诊断智能体\\store-ai-clinic-web\\tests\\unit\\quality-shell-interactions.test.tsx:62:26\n    at file:///d:/Github/clone/tijianbaogao/%E9%97%A8%E5%BA%97%E6%95%B0%E6%8D%AE%E8%AF%8A%E6%96%AD%E6%99%BA%E8%83%BD%E4%BD%93/store-ai-clinic-web/node_modules/@vitest/runner/dist/index.js:146:14\n    at file:///d:/Github/clone/tijianbaogao/%E9%97%A8%E5%BA%97%E6%95%B0%E6%8D%AE%E8%AF%8A%E6%96%AD%E6%99%BA%E8%83%BD%E4%BD%93/store-ai-clinic-web/node_modules/@vitest/runner/dist/index.js:533:11\n    at runWithTimeout (file:///d:/Github/clone/tijianbaogao/%E9%97%A8%E5%BA%97%E6%95%B0%E6%8D%AE%E8%AF%8A%E6%96%AD%E6%99%BA%E8%83%BD%E4%BD%93/store-ai-clinic-web/node_modules/@vitest/runner/dist/index.js:39:7)\n    at runTest (file:///d:/Github/clone/tijianbaogao/%E9%97%A8%E5%BA%97%E6%95%B0%E6%8D%AE%E8%AF%8A%E6%96%AD%E6%99%BA%E8%83%BD%E4%BD%93/store-ai-clinic-web/node_modules/@vitest/runner/dist/index.js:1056:17)\n    at processTicksAndRejections (node:internal/process/task_queues:103:5)"],"meta":{}},{"ancestorTitles":["quality workspace interactions"],"fullName":"quality workspace interactions renders the real asset inventory summary in batch view","status":"failed","title":"renders the real asset inventory summary in batch view","duration":30.190199999999777,"failureMessages":["TestingLibraryElementError: Unable to find a label with the text of: 数据资产盘点\n\nIgnored nodes: comments, script, style\n\u001b[36m<body>\u001b[39m\n  \u001b[36m<div>\u001b[39m\n    \u001b[36m<div\u001b[39m\n      \u001b[33mclass\u001b[39m=\u001b[32m\"min-h-full bg-[#f5f7fb] text-[#202733]\"\u001b[39m\n    \u001b[36m>\u001b[39m\n      \u001b[36m<header\u001b[39m\n        \u001b[33mclass\u001b[39m=\u001b[32m\"flex min-h-[58px] flex-wrap items-center justify-between gap-3 border-b border-[#dfe4ea] bg-white px-5 py-3\"\u001b[39m\n      \u001b[36m>\u001b[39m\n        \u001b[36m<div\u001b[39m\n          \u001b[33mclass\u001b[39m=\u001b[32m\"min-w-0\"\u001b[39m\n        \u001b[36m>\u001b[39m\n          \u001b[36m<h1\u001b[39m\n            \u001b[33mclass\u001b[39m=\u001b[32m\"text-xl font-semibold text-[#151922]\"\u001b[39m\n          \u001b[36m>\u001b[39m\n            \u001b[0m批量检测工作台\u001b[0m\n          \u001b[36m</h1>\u001b[39m\n        \u001b[36m</div>\u001b[39m\n        \u001b[36m<div\u001b[39m\n          \u001b[33mclass\u001b[39m=\u001b[32m\"flex flex-wrap items-center gap-3\"\u001b[39m\n        \u001b[36m>\u001b[39m\n          \u001b[36m<button\u001b[39m\n            \u001b[33mclass\u001b[39m=\u001b[32m\"inline-flex h-9 items-center gap-2 rounded-md border border-[#ccd5df] bg-white px-3 text-sm font-medium text-[#344054] hover:bg-[#f7f9fb]\"\u001b[39m\n            \u001b[33mtype\u001b[39m=\u001b[32m\"button\"\u001b[39m\n          \u001b[36m>\u001b[39m\n            \u001b[36m<svg\u001b[39m\n              \u001b[33maria-hidden\u001b[39m=\u001b[32m\"true\"\u001b[39m\n              \u001b[33mclass\u001b[39m=\u001b[32m\"lucide lucide-pause h-4 w-4\"\u001b[39m\n              \u001b[33mfill\u001b[39m=\u001b[32m\"none\"\u001b[39m\n              \u001b[33mheight\u001b[39m=\u001b[32m\"24\"\u001b[39m\n              \u001b[33mstroke\u001b[39m=\u001b[32m\"currentColor\"\u001b[39m\n              \u001b[33mstroke-linecap\u001b[39m=\u001b[32m\"round\"\u001b[39m\n              \u001b[33mstroke-linejoin\u001b[39m=\u001b[32m\"round\"\u001b[39m\n              \u001b[33mstroke-width\u001b[39m=\u001b[32m\"2\"\u001b[39m\n              \u001b[33mviewBox\u001b[39m=\u001b[32m\"0 0 24 24\"\u001b[39m\n              \u001b[33mwidth\u001b[39m=\u001b[32m\"24\"\u001b[39m\n              \u001b[33mxmlns\u001b[39m=\u001b[32m\"http://www.w3.org/2000/svg\"\u001b[39m\n            \u001b[36m>\u001b[39m\n              \u001b[36m<rect\u001b[39m\n                \u001b[33mheight\u001b[39m=\u001b[32m\"16\"\u001b[39m\n                \u001b[33mrx\u001b[39m=\u001b[32m\"1\"\u001b[39m\n                \u001b[33mwidth\u001b[39m=\u001b[32m\"4\"\u001b[39m\n                \u001b[33mx\u001b[39m=\u001b[32m\"14\"\u001b[39m\n                \u001b[33my\u001b[39m=\u001b[32m\"4\"\u001b[39m\n              \u001b[36m/>\u001b[39m\n              \u001b[36m<rect\u001b[39m\n                \u001b[33mheight\u001b[39m=\u001b[32m\"16\"\u001b[39m\n                \u001b[33mrx\u001b[39m=\u001b[32m\"1\"\u001b[39m\n                \u001b[33mwidth\u001b[39m=\u001b[32m\"4\"\u001b[39m\n                \u001b[33mx\u001b[39m=\u001b[32m\"6\"\u001b[39m\n                \u001b[33my\u001b[39m=\u001b[32m\"4\"\u001b[39m\n              \u001b[36m/>\u001b[39m\n            \u001b[36m</svg>\u001b[39m\n            \u001b[0m暂停任务\u001b[0m\n          \u001b[36m</button>\u001b[39m\n          \u001b[36m<button\u001b[39m\n            \u001b[33mclass\u001b[39m=\u001b[32m\"inline-flex h-9 items-center gap-2 rounded-md border border-[#ccd5df] bg-white px-3 text-sm font-medium text-[#344054] hover:bg-[#f7f9fb]\"\u001b[39m\n            \u001b[33mtype\u001b[39m=\u001b[32m\"button\"\u001b[39m\n          \u001b[36m>\u001b[39m\n            \u001b[36m<svg\u001b[39m\n              \u001b[33maria-hidden\u001b[39m=\u001b[32m\"true\"\u001b[39m\n              \u001b[33mclass\u001b[39m=\u001b[32m\"lucide lucide-refresh-cw h-4 w-4\"\u001b[39m\n              \u001b[33mfill\u001b[39m=\u001b[32m\"none\"\u001b[39m\n              \u001b[33mheight\u001b[39m=\u001b[32m\"24\"\u001b[39m\n              \u001b[33mstroke\u001b[39m=\u001b[32m\"currentColor\"\u001b[39m\n              \u001b[33mstroke-linecap\u001b[39m=\u001b[32m\"round\"\u001b[39m\n              \u001b[33mstroke-linejoin\u001b[39m=\u001b[32m\"round\"\u001b[39m\n              \u001b[33mstroke-width\u001b[39m=\u001b[32m\"2\"\u001b[39m\n              \u001b[33mviewBox\u001b[39m=\u001b[32m\"0 0 24 24\"\u001b[39m\n              \u001b[33mwidth\u001b[39m=\u001b[32m\"24\"\u001b[39m\n              \u001b[33mxmlns\u001b[39m=\u001b[32m\"http://www.w3.org/2000/svg\"\u001b[39m\n            \u001b[36m>\u001b[39m\n              \u001b[36m<path\u001b[39m\n                \u001b[33md\u001b[39m=\u001b[32m\"M3 12a9 9 0 0 1 9-9 9.75 9.75 0 0 1 6.74 2.74L21 8\"\u001b[39m\n              \u001b[36m/>\u001b[39m\n              \u001b[36m<path\u001b[39m\n                \u001b[33md\u001b[39m=\u001b[32m\"M21 3v5h-5\"\u001b[39m\n              \u001b[36m/>\u001b[39m\n              \u001b[36m<path\u001b[39m\n                \u001b[33md\u001b[39m=\u001b[32m\"M21 12a9 9 0 0 1-9 9 9.75 9.75 0 0 1-6.74-2.74L3 16\"\u001b[39m\n              \u001b[36m/>\u001b[39m\n              \u001b[36m<path\u001b[39m\n                \u001b[33md\u001b[39m=\u001b[32m\"M8 16H3v5\"\u001b[39m\n              \u001b[36m/>\u001b[39m\n            \u001b[36m</svg>\u001b[39m\n            \u001b[0m重新运行\u001b[0m\n          \u001b[36m</button>\u001b[39m\n          \u001b[36m<button\u001b[39m\n            \u001b[33mclass\u001b[39m=\u001b[32m\"inline-flex h-9 items-center gap-2 rounded-md bg-[#0b9a9a] px-3 text-sm font-semibold text-white hover:bg-[#087f7f]\"\u001b[39m\n            \u001b[33mtype\u001b[39m=\u001b[32m\"button\"\u001b[39m\n          \u001b[36m>\u001b[39m\n            \u001b[36m<svg\u001b[39m\n              \u001b[33maria-hidden\u001b[39m=\u001b[32m\"true\"\u001b[39m\n              \u001b[33mclass\u001b[39m=\u001b[32m\"lucide lucide-download h-4 w-4\"\u001b[39m\n              \u001b[33mfill\u001b[39m=\u001b[32m\"none\"\u001b[39m\n              \u001b[33mheight\u001b[39m=\u001b[32m\"24\"\u001b[39m\n              \u001b[33mstroke\u001b[39m=\u001b[32m\"currentColor\"\u001b[39m\n              \u001b[33mstroke-linecap\u001b[39m=\u001b[32m\"round\"\u001b[39m\n              \u001b[33mstroke-linejoin\u001b[39m=\u001b[32m\"round\"\u001b[39m\n              \u001b[33mstroke-width\u001b[39m=\u001b[32m\"2\"\u001b[39m\n              \u001b[33mviewBox\u001b[39m=\u001b[32m\"0 0 24 24\"\u001b[39m\n              \u001b[33mwidth\u001b[39m=\u001b[32m\"24\"\u001b[39m\n              \u001b[33mxmlns\u001b[39m=\u001b[32m\"http://www.w3.org/2000/svg\"\u001b[39m\n            \u001b[36m>\u001b[39m\n              \u001b[36m<path\u001b[39m\n                \u001b[33md\u001b[39m=\u001b[32m\"M21 15v4a2 2 0 0 1-2 2H5a2 2 0 0 1-2-2v-4\"\u001b[39m\n              \u001b[36m/>\u001b[39m\n              \u001b[36m<polyline\u001b[39m\n                \u001b[33mpoints\u001b[39m=\u001b[32m\"7 10 12 15 17 10\"\u001b[39m\n              \u001b[36m/>\u001b[39m\n              \u001b[36m<line\u001b[39m\n                \u001b[33mx1\u001b[39m=\u001b[32m\"12\"\u001b[39m\n                \u001b[33mx2\u001b[39m=\u001b[32m\"12\"\u001b[39m\n                \u001b[33my1\u001b[39m=\u001b[32m\"15\"\u001b[39m\n                \u001b[33my2\u001b[39m=\u001b[32m\"3\"\u001b[39m\n              \u001b[36m/>\u001b[39m\n            \u001b[36m</svg>\u001b[39m\n            \u001b[0m导出结果\u001b[0m\n          \u001b[36m</button>\u001b[39m\n          \u001b[36m<div\u001b[39m\n            \u001b[33mclass\u001b[39m=\u001b[32m\"hidden items-center gap-2 border-l border-[#e4e9ef] pl-3 text-sm text-[#303846] md:flex\"\u001b[39m\n          \u001b[36m>\u001b[39m\n            \u001b[36m<span\u001b[39m\n              \u001b[33mclass\u001b[39m=\u001b[32m\"grid h-8 w-8 place-items-center rounded-full bg-[#eef2f6] text-[#5e6978]\"\u001b[39m\n            \u001b[36m>\u001b[39m\n              \u001b[0m●\u001b[0m\n            \u001b[36m</span>\u001b[39m\n            \u001b[36m<span>\u001b[39m\n              \u001b[0madmin\u001b[0m\n            \u001b[36m</span>\u001b[39m\n            \u001b[36m<svg\u001b[39m\n              \u001b[33maria-hidden\u001b[39m=\u001b[32m\"true\"\u001b[39m\n              \u001b[33mclass\u001b[39m=\u001b[32m\"lucide lucide-chevron-down h-4 w-4 text-[#5e6978]\"\u001b[39m\n              \u001b[33mfill\u001b[39m=\u001b[32m\"none\"\u001b[39m\n              \u001b[33mheight\u001b[39m=\u001b[32m\"24\"\u001b[39m\n              \u001b[33mstroke\u001b[39m=\u001b[32m\"currentColor\"\u001b[39m\n              \u001b[33mstroke-linecap\u001b[39m=\u001b[32m\"round\"\u001b[39m\n              \u001b[33mstroke-linejoin\u001b[39m=\u001b[32m\"round\"\u001b[39m\n              \u001b[33mstroke-width\u001b[39m=\u001b[32m\"2\"\u001b[39m\n              \u001b[33mviewBox\u001b[39m=\u001b[32m\"0 0 24 24\"\u001b[39m\n              \u001b[33mwidth\u001b[39m=\u001b[32m\"24\"\u001b[39m\n              \u001b[33mxmlns\u001b[39m=\u001b[32m\"http://www.w3.org/2000/svg\"\u001b[39m\n            \u001b[36m>\u001b[39m\n              \u001b[36m<path\u001b[39m\n                \u001b[33md\u001b[39m=\u001b[32m\"m6 9 6 6 6-6\"\u001b[39m\n              \u001b[36m/>\u001b[39m\n            \u001b[36m</svg>\u001b[39m\n          \u001b[36m</div>\u001b[39m\n        \u001b[36m</div>\u001b[39m\n      \u001b[36m</header>\u001b[39m\n      \u001b[36m<main\u001b[39m\n        \u001b[33mclass\u001b[39m=\u001b[32m\"grid gap-4 p-4 xl:grid-cols-[minmax(0,1fr)_400px]\"\u001b[39m\n      \u001b[36m>\u001b[39m\n        \u001b[36m<section\u001b[39m\n          \u001b[33mclass\u001b[39m=\u001b[32m\"min-w-0 space-y-3\"\u001b[39m\n        \u001b[36m>\u001b[39m\n          \u001b[36m<section\u001b[39m\n            \u001b[33maria-label\u001b[39m=\u001b[32m...\n    at Object.getElementError (d:\\Github\\clone\\tijianbaogao\\门店数据诊断智能体\\store-ai-clinic-web\\node_modules\\@testing-library\\dom\\dist\\config.js:37:19)\n    at getAllByLabelText (d:\\Github\\clone\\tijianbaogao\\门店数据诊断智能体\\store-ai-clinic-web\\node_modules\\@testing-library\\dom\\dist\\queries\\label-text.js:111:38)\n    at d:\\Github\\clone\\tijianbaogao\\门店数据诊断智能体\\store-ai-clinic-web\\node_modules\\@testing-library\\dom\\dist\\query-helpers.js:52:17\n    at d:\\Github\\clone\\tijianbaogao\\门店数据诊断智能体\\store-ai-clinic-web\\node_modules\\@testing-library\\dom\\dist\\query-helpers.js:95:19\n    at d:\\Github\\clone\\tijianbaogao\\门店数据诊断智能体\\store-ai-clinic-web\\tests\\unit\\quality-shell-interactions.test.tsx:85:19\n    at file:///d:/Github/clone/tijianbaogao/%E9%97%A8%E5%BA%97%E6%95%B0%E6%8D%AE%E8%AF%8A%E6%96%AD%E6%99%BA%E8%83%BD%E4%BD%93/store-ai-clinic-web/node_modules/@vitest/runner/dist/index.js:146:14\n    at file:///d:/Github/clone/tijianbaogao/%E9%97%A8%E5%BA%97%E6%95%B0%E6%8D%AE%E8%AF%8A%E6%96%AD%E6%99%BA%E8%83%BD%E4%BD%93/store-ai-clinic-web/node_modules/@vitest/runner/dist/index.js:533:11\n    at runWithTimeout (file:///d:/Github/clone/tijianbaogao/%E9%97%A8%E5%BA%97%E6%95%B0%E6%8D%AE%E8%AF%8A%E6%96%AD%E6%99%BA%E8%83%BD%E4%BD%93/store-ai-clinic-web/node_modules/@vitest/runner/dist/index.js:39:7)\n    at runTest (file:///d:/Github/clone/tijianbaogao/%E9%97%A8%E5%BA%97%E6%95%B0%E6%8D%AE%E8%AF%8A%E6%96%AD%E6%99%BA%E8%83%BD%E4%BD%93/store-ai-clinic-web/node_modules/@vitest/runner/dist/index.js:1056:17)\n    at processTicksAndRejections (node:internal/process/task_queues:103:5)"],"meta":{}},{"ancestorTitles":["quality workspace interactions"],"fullName":"quality workspace interactions shows metric cards before the import cleaning panel","status":"failed","title":"shows metric cards before the import cleaning panel","duration":22.045000000000073,"failureMessages":["TestingLibraryElementError: Unable to find a label with the text of: 质检指标\n\nIgnored nodes: comments, script, style\n\u001b[36m<body>\u001b[39m\n  \u001b[36m<div>\u001b[39m\n    \u001b[36m<div\u001b[39m\n      \u001b[33mclass\u001b[39m=\u001b[32m\"min-h-full bg-[#f5f7fb] text-[#202733]\"\u001b[39m\n    \u001b[36m>\u001b[39m\n      \u001b[36m<header\u001b[39m\n        \u001b[33mclass\u001b[39m=\u001b[32m\"flex min-h-[58px] flex-wrap items-center justify-between gap-3 border-b border-[#dfe4ea] bg-white px-5 py-3\"\u001b[39m\n      \u001b[36m>\u001b[39m\n        \u001b[36m<div\u001b[39m\n          \u001b[33mclass\u001b[39m=\u001b[32m\"min-w-0\"\u001b[39m\n        \u001b[36m>\u001b[39m\n          \u001b[36m<h1\u001b[39m\n            \u001b[33mclass\u001b[39m=\u001b[32m\"text-xl font-semibold text-[#151922]\"\u001b[39m\n          \u001b[36m>\u001b[39m\n            \u001b[0m批量检测工作台\u001b[0m\n          \u001b[36m</h1>\u001b[39m\n        \u001b[36m</div>\u001b[39m\n        \u001b[36m<div\u001b[39m\n          \u001b[33mclass\u001b[39m=\u001b[32m\"flex flex-wrap items-center gap-3\"\u001b[39m\n        \u001b[36m>\u001b[39m\n          \u001b[36m<button\u001b[39m\n            \u001b[33mclass\u001b[39m=\u001b[32m\"inline-flex h-9 items-center gap-2 rounded-md border border-[#ccd5df] bg-white px-3 text-sm font-medium text-[#344054] hover:bg-[#f7f9fb]\"\u001b[39m\n            \u001b[33mtype\u001b[39m=\u001b[32m\"button\"\u001b[39m\n          \u001b[36m>\u001b[39m\n            \u001b[36m<svg\u001b[39m\n              \u001b[33maria-hidden\u001b[39m=\u001b[32m\"true\"\u001b[39m\n              \u001b[33mclass\u001b[39m=\u001b[32m\"lucide lucide-pause h-4 w-4\"\u001b[39m\n              \u001b[33mfill\u001b[39m=\u001b[32m\"none\"\u001b[39m\n              \u001b[33mheight\u001b[39m=\u001b[32m\"24\"\u001b[39m\n              \u001b[33mstroke\u001b[39m=\u001b[32m\"currentColor\"\u001b[39m\n              \u001b[33mstroke-linecap\u001b[39m=\u001b[32m\"round\"\u001b[39m\n              \u001b[33mstroke-linejoin\u001b[39m=\u001b[32m\"round\"\u001b[39m\n              \u001b[33mstroke-width\u001b[39m=\u001b[32m\"2\"\u001b[39m\n              \u001b[33mviewBox\u001b[39m=\u001b[32m\"0 0 24 24\"\u001b[39m\n              \u001b[33mwidth\u001b[39m=\u001b[32m\"24\"\u001b[39m\n              \u001b[33mxmlns\u001b[39m=\u001b[32m\"http://www.w3.org/2000/svg\"\u001b[39m\n            \u001b[36m>\u001b[39m\n              \u001b[36m<rect\u001b[39m\n                \u001b[33mheight\u001b[39m=\u001b[32m\"16\"\u001b[39m\n                \u001b[33mrx\u001b[39m=\u001b[32m\"1\"\u001b[39m\n                \u001b[33mwidth\u001b[39m=\u001b[32m\"4\"\u001b[39m\n                \u001b[33mx\u001b[39m=\u001b[32m\"14\"\u001b[39m\n                \u001b[33my\u001b[39m=\u001b[32m\"4\"\u001b[39m\n              \u001b[36m/>\u001b[39m\n              \u001b[36m<rect\u001b[39m\n                \u001b[33mheight\u001b[39m=\u001b[32m\"16\"\u001b[39m\n                \u001b[33mrx\u001b[39m=\u001b[32m\"1\"\u001b[39m\n                \u001b[33mwidth\u001b[39m=\u001b[32m\"4\"\u001b[39m\n                \u001b[33mx\u001b[39m=\u001b[32m\"6\"\u001b[39m\n                \u001b[33my\u001b[39m=\u001b[32m\"4\"\u001b[39m\n              \u001b[36m/>\u001b[39m\n            \u001b[36m</svg>\u001b[39m\n            \u001b[0m暂停任务\u001b[0m\n          \u001b[36m</button>\u001b[39m\n          \u001b[36m<button\u001b[39m\n            \u001b[33mclass\u001b[39m=\u001b[32m\"inline-flex h-9 items-center gap-2 rounded-md border border-[#ccd5df] bg-white px-3 text-sm font-medium text-[#344054] hover:bg-[#f7f9fb]\"\u001b[39m\n            \u001b[33mtype\u001b[39m=\u001b[32m\"button\"\u001b[39m\n          \u001b[36m>\u001b[39m\n            \u001b[36m<svg\u001b[39m\n              \u001b[33maria-hidden\u001b[39m=\u001b[32m\"true\"\u001b[39m\n              \u001b[33mclass\u001b[39m=\u001b[32m\"lucide lucide-refresh-cw h-4 w-4\"\u001b[39m\n              \u001b[33mfill\u001b[39m=\u001b[32m\"none\"\u001b[39m\n              \u001b[33mheight\u001b[39m=\u001b[32m\"24\"\u001b[39m\n              \u001b[33mstroke\u001b[39m=\u001b[32m\"currentColor\"\u001b[39m\n              \u001b[33mstroke-linecap\u001b[39m=\u001b[32m\"round\"\u001b[39m\n              \u001b[33mstroke-linejoin\u001b[39m=\u001b[32m\"round\"\u001b[39m\n              \u001b[33mstroke-width\u001b[39m=\u001b[32m\"2\"\u001b[39m\n              \u001b[33mviewBox\u001b[39m=\u001b[32m\"0 0 24 24\"\u001b[39m\n              \u001b[33mwidth\u001b[39m=\u001b[32m\"24\"\u001b[39m\n              \u001b[33mxmlns\u001b[39m=\u001b[32m\"http://www.w3.org/2000/svg\"\u001b[39m\n            \u001b[36m>\u001b[39m\n              \u001b[36m<path\u001b[39m\n                \u001b[33md\u001b[39m=\u001b[32m\"M3 12a9 9 0 0 1 9-9 9.75 9.75 0 0 1 6.74 2.74L21 8\"\u001b[39m\n              \u001b[36m/>\u001b[39m\n              \u001b[36m<path\u001b[39m\n                \u001b[33md\u001b[39m=\u001b[32m\"M21 3v5h-5\"\u001b[39m\n              \u001b[36m/>\u001b[39m\n              \u001b[36m<path\u001b[39m\n                \u001b[33md\u001b[39m=\u001b[32m\"M21 12a9 9 0 0 1-9 9 9.75 9.75 0 0 1-6.74-2.74L3 16\"\u001b[39m\n              \u001b[36m/>\u001b[39m\n              \u001b[36m<path\u001b[39m\n                \u001b[33md\u001b[39m=\u001b[32m\"M8 16H3v5\"\u001b[39m\n              \u001b[36m/>\u001b[39m\n            \u001b[36m</svg>\u001b[39m\n            \u001b[0m重新运行\u001b[0m\n          \u001b[36m</button>\u001b[39m\n          \u001b[36m<button\u001b[39m\n            \u001b[33mclass\u001b[39m=\u001b[32m\"inline-flex h-9 items-center gap-2 rounded-md bg-[#0b9a9a] px-3 text-sm font-semibold text-white hover:bg-[#087f7f]\"\u001b[39m\n            \u001b[33mtype\u001b[39m=\u001b[32m\"button\"\u001b[39m\n          \u001b[36m>\u001b[39m\n            \u001b[36m<svg\u001b[39m\n              \u001b[33maria-hidden\u001b[39m=\u001b[32m\"true\"\u001b[39m\n              \u001b[33mclass\u001b[39m=\u001b[32m\"lucide lucide-download h-4 w-4\"\u001b[39m\n              \u001b[33mfill\u001b[39m=\u001b[32m\"none\"\u001b[39m\n              \u001b[33mheight\u001b[39m=\u001b[32m\"24\"\u001b[39m\n              \u001b[33mstroke\u001b[39m=\u001b[32m\"currentColor\"\u001b[39m\n              \u001b[33mstroke-linecap\u001b[39m=\u001b[32m\"round\"\u001b[39m\n              \u001b[33mstroke-linejoin\u001b[39m=\u001b[32m\"round\"\u001b[39m\n              \u001b[33mstroke-width\u001b[39m=\u001b[32m\"2\"\u001b[39m\n              \u001b[33mviewBox\u001b[39m=\u001b[32m\"0 0 24 24\"\u001b[39m\n              \u001b[33mwidth\u001b[39m=\u001b[32m\"24\"\u001b[39m\n              \u001b[33mxmlns\u001b[39m=\u001b[32m\"http://www.w3.org/2000/svg\"\u001b[39m\n            \u001b[36m>\u001b[39m\n              \u001b[36m<path\u001b[39m\n                \u001b[33md\u001b[39m=\u001b[32m\"M21 15v4a2 2 0 0 1-2 2H5a2 2 0 0 1-2-2v-4\"\u001b[39m\n              \u001b[36m/>\u001b[39m\n              \u001b[36m<polyline\u001b[39m\n                \u001b[33mpoints\u001b[39m=\u001b[32m\"7 10 12 15 17 10\"\u001b[39m\n              \u001b[36m/>\u001b[39m\n              \u001b[36m<line\u001b[39m\n                \u001b[33mx1\u001b[39m=\u001b[32m\"12\"\u001b[39m\n                \u001b[33mx2\u001b[39m=\u001b[32m\"12\"\u001b[39m\n                \u001b[33my1\u001b[39m=\u001b[32m\"15\"\u001b[39m\n                \u001b[33my2\u001b[39m=\u001b[32m\"3\"\u001b[39m\n              \u001b[36m/>\u001b[39m\n            \u001b[36m</svg>\u001b[39m\n            \u001b[0m导出结果\u001b[0m\n          \u001b[36m</button>\u001b[39m\n          \u001b[36m<div\u001b[39m\n            \u001b[33mclass\u001b[39m=\u001b[32m\"hidden items-center gap-2 border-l border-[#e4e9ef] pl-3 text-sm text-[#303846] md:flex\"\u001b[39m\n          \u001b[36m>\u001b[39m\n            \u001b[36m<span\u001b[39m\n              \u001b[33mclass\u001b[39m=\u001b[32m\"grid h-8 w-8 place-items-center rounded-full bg-[#eef2f6] text-[#5e6978]\"\u001b[39m\n            \u001b[36m>\u001b[39m\n              \u001b[0m●\u001b[0m\n            \u001b[36m</span>\u001b[39m\n            \u001b[36m<span>\u001b[39m\n              \u001b[0madmin\u001b[0m\n            \u001b[36m</span>\u001b[39m\n            \u001b[36m<svg\u001b[39m\n              \u001b[33maria-hidden\u001b[39m=\u001b[32m\"true\"\u001b[39m\n              \u001b[33mclass\u001b[39m=\u001b[32m\"lucide lucide-chevron-down h-4 w-4 text-[#5e6978]\"\u001b[39m\n              \u001b[33mfill\u001b[39m=\u001b[32m\"none\"\u001b[39m\n              \u001b[33mheight\u001b[39m=\u001b[32m\"24\"\u001b[39m\n              \u001b[33mstroke\u001b[39m=\u001b[32m\"currentColor\"\u001b[39m\n              \u001b[33mstroke-linecap\u001b[39m=\u001b[32m\"round\"\u001b[39m\n              \u001b[33mstroke-linejoin\u001b[39m=\u001b[32m\"round\"\u001b[39m\n              \u001b[33mstroke-width\u001b[39m=\u001b[32m\"2\"\u001b[39m\n              \u001b[33mviewBox\u001b[39m=\u001b[32m\"0 0 24 24\"\u001b[39m\n              \u001b[33mwidth\u001b[39m=\u001b[32m\"24\"\u001b[39m\n              \u001b[33mxmlns\u001b[39m=\u001b[32m\"http://www.w3.org/2000/svg\"\u001b[39m\n            \u001b[36m>\u001b[39m\n              \u001b[36m<path\u001b[39m\n                \u001b[33md\u001b[39m=\u001b[32m\"m6 9 6 6 6-6\"\u001b[39m\n              \u001b[36m/>\u001b[39m\n            \u001b[36m</svg>\u001b[39m\n          \u001b[36m</div>\u001b[39m\n        \u001b[36m</div>\u001b[39m\n      \u001b[36m</header>\u001b[39m\n      \u001b[36m<main\u001b[39m\n        \u001b[33mclass\u001b[39m=\u001b[32m\"grid gap-4 p-4 xl:grid-cols-[minmax(0,1fr)_400px]\"\u001b[39m\n      \u001b[36m>\u001b[39m\n        \u001b[36m<section\u001b[39m\n          \u001b[33mclass\u001b[39m=\u001b[32m\"min-w-0 space-y-3\"\u001b[39m\n        \u001b[36m>\u001b[39m\n          \u001b[36m<section\u001b[39m\n            \u001b[33maria-label\u001b[39m=\u001b[32m...\n    at Object.getElementError (d:\\Github\\clone\\tijianbaogao\\门店数据诊断智能体\\store-ai-clinic-web\\node_modules\\@testing-library\\dom\\dist\\config.js:37:19)\n    at getAllByLabelText (d:\\Github\\clone\\tijianbaogao\\门店数据诊断智能体\\store-ai-clinic-web\\node_modules\\@testing-library\\dom\\dist\\queries\\label-text.js:111:38)\n    at d:\\Github\\clone\\tijianbaogao\\门店数据诊断智能体\\store-ai-clinic-web\\node_modules\\@testing-library\\dom\\dist\\query-helpers.js:52:17\n    at d:\\Github\\clone\\tijianbaogao\\门店数据诊断智能体\\store-ai-clinic-web\\node_modules\\@testing-library\\dom\\dist\\query-helpers.js:95:19\n    at d:\\Github\\clone\\tijianbaogao\\门店数据诊断智能体\\store-ai-clinic-web\\tests\\unit\\quality-shell-interactions.test.tsx:107:28\n    at file:///d:/Github/clone/tijianbaogao/%E9%97%A8%E5%BA%97%E6%95%B0%E6%8D%AE%E8%AF%8A%E6%96%AD%E6%99%BA%E8%83%BD%E4%BD%93/store-ai-clinic-web/node_modules/@vitest/runner/dist/index.js:146:14\n    at file:///d:/Github/clone/tijianbaogao/%E9%97%A8%E5%BA%97%E6%95%B0%E6%8D%AE%E8%AF%8A%E6%96%AD%E6%99%BA%E8%83%BD%E4%BD%93/store-ai-clinic-web/node_modules/@vitest/runner/dist/index.js:533:11\n    at runWithTimeout (file:///d:/Github/clone/tijianbaogao/%E9%97%A8%E5%BA%97%E6%95%B0%E6%8D%AE%E8%AF%8A%E6%96%AD%E6%99%BA%E8%83%BD%E4%BD%93/store-ai-clinic-web/node_modules/@vitest/runner/dist/index.js:39:7)\n    at runTest (file:///d:/Github/clone/tijianbaogao/%E9%97%A8%E5%BA%97%E6%95%B0%E6%8D%AE%E8%AF%8A%E6%96%AD%E6%99%BA%E8%83%BD%E4%BD%93/store-ai-clinic-web/node_modules/@vitest/runner/dist/index.js:1056:17)\n    at processTicksAndRejections (node:internal/process/task_queues:103:5)"],"meta":{}},{"ancestorTitles":["quality workspace interactions"],"fullName":"quality workspace interactions renders the screenshot workflow while keeping internal status chrome hidden","status":"passed","title":"renders the screenshot workflow while keeping internal status chrome hidden","duration":34.95010000000002,"failureMessages":[],"meta":{}},{"ancestorTitles":["quality workspace interactions"],"fullName":"quality workspace interactions renders severity and review status as semantic colored badges","status":"passed","title":"renders severity and review status as semantic colored badges","duration":15.320100000000366,"failureMessages":[],"meta":{}},{"ancestorTitles":["quality workspace interactions"],"fullName":"quality workspace interactions uses styled filter menus instead of native select dropdowns","status":"passed","title":"uses styled filter menus instead of native select dropdowns","duration":376.4141999999997,"failureMessages":[],"meta":{}},{"ancestorTitles":["quality workspace interactions"],"fullName":"quality workspace interactions makes toolbar, dataset, filters, and evidence panel controls interactive","status":"passed","title":"makes toolbar, dataset, filters, and evidence panel controls interactive","duration":812.0274,"failureMessages":[],"meta":{}},{"ancestorTitles":["quality workspace interactions"],"fullName":"quality workspace interactions renders extracted requirement rules in the rule library","status":"passed","title":"renders extracted requirement rules in the rule library","duration":60.23829999999998,"failureMessages":[],"meta":{}},{"ancestorTitles":["quality workspace interactions"],"fullName":"quality workspace interactions renders real export summary metrics from backend data","status":"passed","title":"renders real export summary metrics from backend data","duration":44.00200000000041,"failureMessages":[],"meta":{}},{"ancestorTitles":["quality workspace interactions"],"fullName":"quality workspace interactions makes rule library cards and export cards interactive","status":"passed","title":"makes rule library cards and export cards interactive","duration":220.2229000000002,"failureMessages":[],"meta":{}},{"ancestorTitles":["quality workspace interactions"],"fullName":"quality workspace interactions supports the five redesigned quality workspace interactions","status":"failed","title":"supports the five redesigned quality workspace interactions","duration":1244.8887000000004,"failureMessages":["Error: Unable to find an element with the text: 已生成交付包：quality-export-export-abc123.zip，包含 8 个文件。. This could be because the text is broken up by multiple elements. In this case, you can provide a function for your text matcher to make your matcher more flexible.\n\nIgnored nodes: comments, script, style\n\u001b[36m<body>\u001b[39m\n  \u001b[36m<div>\u001b[39m\n    \u001b[36m<div\u001b[39m\n      \u001b[33mclass\u001b[39m=\u001b[32m\"min-h-full bg-[#f5f7fb] text-[#202733]\"\u001b[39m\n    \u001b[36m>\u001b[39m\n      \u001b[36m<header\u001b[39m\n        \u001b[33mclass\u001b[39m=\u001b[32m\"flex min-h-[58px] flex-wrap items-center justify-between gap-3 border-b border-[#dfe4ea] bg-white px-5 py-3\"\u001b[39m\n      \u001b[36m>\u001b[39m\n        \u001b[36m<div\u001b[39m\n          \u001b[33mclass\u001b[39m=\u001b[32m\"min-w-0\"\u001b[39m\n        \u001b[36m>\u001b[39m\n          \u001b[36m<h1\u001b[39m\n            \u001b[33mclass\u001b[39m=\u001b[32m\"text-xl font-semibold text-[#151922]\"\u001b[39m\n          \u001b[36m>\u001b[39m\n            \u001b[0m报告导出\u001b[0m\n          \u001b[36m</h1>\u001b[39m\n          \u001b[36m<p\u001b[39m\n            \u001b[33mclass\u001b[39m=\u001b[32m\"mt-1 text-sm text-[#0b8b8b]\"\u001b[39m\n            \u001b[33mrole\u001b[39m=\u001b[32m\"status\"\u001b[39m\n          \u001b[36m>\u001b[39m\n            \u001b[0m已选择导出：人工复核记录\u001b[0m\n          \u001b[36m</p>\u001b[39m\n        \u001b[36m</div>\u001b[39m\n        \u001b[36m<div\u001b[39m\n          \u001b[33mclass\u001b[39m=\u001b[32m\"flex flex-wrap items-center gap-3\"\u001b[39m\n        \u001b[36m>\u001b[39m\n          \u001b[36m<button\u001b[39m\n            \u001b[33mclass\u001b[39m=\u001b[32m\"inline-flex h-9 items-center gap-2 rounded-md border border-[#ccd5df] bg-white px-3 text-sm font-medium text-[#344054] hover:bg-[#f7f9fb]\"\u001b[39m\n            \u001b[33mtype\u001b[39m=\u001b[32m\"button\"\u001b[39m\n          \u001b[36m>\u001b[39m\n            \u001b[36m<svg\u001b[39m\n              \u001b[33maria-hidden\u001b[39m=\u001b[32m\"true\"\u001b[39m\n              \u001b[33mclass\u001b[39m=\u001b[32m\"lucide lucide-pause h-4 w-4\"\u001b[39m\n              \u001b[33mfill\u001b[39m=\u001b[32m\"none\"\u001b[39m\n              \u001b[33mheight\u001b[39m=\u001b[32m\"24\"\u001b[39m\n              \u001b[33mstroke\u001b[39m=\u001b[32m\"currentColor\"\u001b[39m\n              \u001b[33mstroke-linecap\u001b[39m=\u001b[32m\"round\"\u001b[39m\n              \u001b[33mstroke-linejoin\u001b[39m=\u001b[32m\"round\"\u001b[39m\n              \u001b[33mstroke-width\u001b[39m=\u001b[32m\"2\"\u001b[39m\n              \u001b[33mviewBox\u001b[39m=\u001b[32m\"0 0 24 24\"\u001b[39m\n              \u001b[33mwidth\u001b[39m=\u001b[32m\"24\"\u001b[39m\n              \u001b[33mxmlns\u001b[39m=\u001b[32m\"http://www.w3.org/2000/svg\"\u001b[39m\n            \u001b[36m>\u001b[39m\n              \u001b[36m<rect\u001b[39m\n                \u001b[33mheight\u001b[39m=\u001b[32m\"16\"\u001b[39m\n                \u001b[33mrx\u001b[39m=\u001b[32m\"1\"\u001b[39m\n                \u001b[33mwidth\u001b[39m=\u001b[32m\"4\"\u001b[39m\n                \u001b[33mx\u001b[39m=\u001b[32m\"14\"\u001b[39m\n                \u001b[33my\u001b[39m=\u001b[32m\"4\"\u001b[39m\n              \u001b[36m/>\u001b[39m\n              \u001b[36m<rect\u001b[39m\n                \u001b[33mheight\u001b[39m=\u001b[32m\"16\"\u001b[39m\n                \u001b[33mrx\u001b[39m=\u001b[32m\"1\"\u001b[39m\n                \u001b[33mwidth\u001b[39m=\u001b[32m\"4\"\u001b[39m\n                \u001b[33mx\u001b[39m=\u001b[32m\"6\"\u001b[39m\n                \u001b[33my\u001b[39m=\u001b[32m\"4\"\u001b[39m\n              \u001b[36m/>\u001b[39m\n            \u001b[36m</svg>\u001b[39m\n            \u001b[0m暂停任务\u001b[0m\n          \u001b[36m</button>\u001b[39m\n          \u001b[36m<button\u001b[39m\n            \u001b[33mclass\u001b[39m=\u001b[32m\"inline-flex h-9 items-center gap-2 rounded-md border border-[#ccd5df] bg-white px-3 text-sm font-medium text-[#344054] hover:bg-[#f7f9fb]\"\u001b[39m\n            \u001b[33mtype\u001b[39m=\u001b[32m\"button\"\u001b[39m\n          \u001b[36m>\u001b[39m\n            \u001b[36m<svg\u001b[39m\n              \u001b[33maria-hidden\u001b[39m=\u001b[32m\"true\"\u001b[39m\n              \u001b[33mclass\u001b[39m=\u001b[32m\"lucide lucide-refresh-cw h-4 w-4\"\u001b[39m\n              \u001b[33mfill\u001b[39m=\u001b[32m\"none\"\u001b[39m\n              \u001b[33mheight\u001b[39m=\u001b[32m\"24\"\u001b[39m\n              \u001b[33mstroke\u001b[39m=\u001b[32m\"currentColor\"\u001b[39m\n              \u001b[33mstroke-linecap\u001b[39m=\u001b[32m\"round\"\u001b[39m\n              \u001b[33mstroke-linejoin\u001b[39m=\u001b[32m\"round\"\u001b[39m\n              \u001b[33mstroke-width\u001b[39m=\u001b[32m\"2\"\u001b[39m\n              \u001b[33mviewBox\u001b[39m=\u001b[32m\"0 0 24 24\"\u001b[39m\n              \u001b[33mwidth\u001b[39m=\u001b[32m\"24\"\u001b[39m\n              \u001b[33mxmlns\u001b[39m=\u001b[32m\"http://www.w3.org/2000/svg\"\u001b[39m\n            \u001b[36m>\u001b[39m\n              \u001b[36m<path\u001b[39m\n                \u001b[33md\u001b[39m=\u001b[32m\"M3 12a9 9 0 0 1 9-9 9.75 9.75 0 0 1 6.74 2.74L21 8\"\u001b[39m\n              \u001b[36m/>\u001b[39m\n              \u001b[36m<path\u001b[39m\n                \u001b[33md\u001b[39m=\u001b[32m\"M21 3v5h-5\"\u001b[39m\n              \u001b[36m/>\u001b[39m\n              \u001b[36m<path\u001b[39m\n                \u001b[33md\u001b[39m=\u001b[32m\"M21 12a9 9 0 0 1-9 9 9.75 9.75 0 0 1-6.74-2.74L3 16\"\u001b[39m\n              \u001b[36m/>\u001b[39m\n              \u001b[36m<path\u001b[39m\n                \u001b[33md\u001b[39m=\u001b[32m\"M8 16H3v5\"\u001b[39m\n              \u001b[36m/>\u001b[39m\n            \u001b[36m</svg>\u001b[39m\n            \u001b[0m重新运行\u001b[0m\n          \u001b[36m</button>\u001b[39m\n          \u001b[36m<button\u001b[39m\n            \u001b[33mclass\u001b[39m=\u001b[32m\"inline-flex h-9 items-center gap-2 rounded-md bg-[#0b9a9a] px-3 text-sm font-semibold text-white hover:bg-[#087f7f]\"\u001b[39m\n            \u001b[33mtype\u001b[39m=\u001b[32m\"button\"\u001b[39m\n          \u001b[36m>\u001b[39m\n            \u001b[36m<svg\u001b[39m\n              \u001b[33maria-hidden\u001b[39m=\u001b[32m\"true\"\u001b[39m\n              \u001b[33mclass\u001b[39m=\u001b[32m\"lucide lucide-download h-4 w-4\"\u001b[39m\n              \u001b[33mfill\u001b[39m=\u001b[32m\"none\"\u001b[39m\n              \u001b[33mheight\u001b[39m=\u001b[32m\"24\"\u001b[39m\n              \u001b[33mstroke\u001b[39m=\u001b[32m\"currentColor\"\u001b[39m\n              \u001b[33mstroke-linecap\u001b[39m=\u001b[32m\"round\"\u001b[39m\n              \u001b[33mstroke-linejoin\u001b[39m=\u001b[32m\"round\"\u001b[39m\n              \u001b[33mstroke-width\u001b[39m=\u001b[32m\"2\"\u001b[39m\n              \u001b[33mviewBox\u001b[39m=\u001b[32m\"0 0 24 24\"\u001b[39m\n              \u001b[33mwidth\u001b[39m=\u001b[32m\"24\"\u001b[39m\n              \u001b[33mxmlns\u001b[39m=\u001b[32m\"http://www.w3.org/2000/svg\"\u001b[39m\n            \u001b[36m>\u001b[39m\n              \u001b[36m<path\u001b[39m\n                \u001b[33md\u001b[39m=\u001b[32m\"M21 15v4a2 2 0 0 1-2 2H5a2 2 0 0 1-2-2v-4\"\u001b[39m\n              \u001b[36m/>\u001b[39m\n              \u001b[36m<polyline\u001b[39m\n                \u001b[33mpoints\u001b[39m=\u001b[32m\"7 10 12 15 17 10\"\u001b[39m\n              \u001b[36m/>\u001b[39m\n              \u001b[36m<line\u001b[39m\n                \u001b[33mx1\u001b[39m=\u001b[32m\"12\"\u001b[39m\n                \u001b[33mx2\u001b[39m=\u001b[32m\"12\"\u001b[39m\n                \u001b[33my1\u001b[39m=\u001b[32m\"15\"\u001b[39m\n                \u001b[33my2\u001b[39m=\u001b[32m\"3\"\u001b[39m\n              \u001b[36m/>\u001b[39m\n            \u001b[36m</svg>\u001b[39m\n            \u001b[0m导出结果\u001b[0m\n          \u001b[36m</button>\u001b[39m\n          \u001b[36m<div\u001b[39m\n            \u001b[33mclass\u001b[39m=\u001b[32m\"hidden items-center gap-2 border-l border-[#e4e9ef] pl-3 text-sm text-[#303846] md:flex\"\u001b[39m\n          \u001b[36m>\u001b[39m\n            \u001b[36m<span\u001b[39m\n              \u001b[33mclass\u001b[39m=\u001b[32m\"grid h-8 w-8 place-items-center rounded-full bg-[#eef2f6] text-[#5e6978]\"\u001b[39m\n            \u001b[36m>\u001b[39m\n              \u001b[0m●\u001b[0m\n            \u001b[36m</span>\u001b[39m\n            \u001b[36m<span>\u001b[39m\n              \u001b[0madmin\u001b[0m\n            \u001b[36m</span>\u001b[39m\n            \u001b[36m<svg\u001b[39m\n              \u001b[33maria-hidden\u001b[39m=\u001b[32m\"true\"\u001b[39m\n              \u001b[33mclass\u001b[39m=\u001b[32m\"lucide lucide-chevron-down h-4 w-4 text-[#5e6978]\"\u001b[39m\n              \u001b[33mfill\u001b[39m=\u001b[32m\"none\"\u001b[39m\n              \u001b[33mheight\u001b[39m=\u001b[32m\"24\"\u001b[39m\n              \u001b[33mstroke\u001b[39m=\u001b[32m\"currentColor\"\u001b[39m\n              \u001b[33mstroke-linecap\u001b[39m=\u001b[32m\"round\"\u001b[39m\n              \u001b[33mstroke-linejoin\u001b[39m=\u001b[32m\"round\"\u001b[39m\n              \u001b[33mstroke-width\u001b[39m=\u001b[32m\"2\"\u001b[39m\n              \u001b[33mviewBox\u001b[39m=\u001b[32m\"0 0 24 24\"\u001b[39m\n              \u001b[33mwidth\u001b[39m=\u001b[32m\"24\"\u001b[39m\n              \u001b[33mxmlns\u001b[39m=\u001b[32m\"http://www.w3.org/2000/svg\"\u001b[39m\n            \u001b[36m>\u001b[39m\n              \u001b[36m<path\u001b[39m\n                \u001b[33md\u001b[39m=\u001b[32m\"m6 9 6 6 6-6\"\u001b[39m\n              \u001b[36m/>\u001b[39m\n            \u001b[36m</svg>\u001b[39m\n          \u001b[36m</div>\u001b[39m\n        \u001b[36m</div>\u001b[39m\n      \u001b[36m</header>\u001b[39m\n      \u001b[36m<main\u001b[39m\n        \u001b[33mclass\u001b[39m=\u001b[32m\"grid gap-4 p-4 xl:grid-cols-[m...\n    at waitForWrapper (d:\\Github\\clone\\tijianbaogao\\门店数据诊断智能体\\store-ai-clinic-web\\node_modules\\@testing-library\\dom\\dist\\wait-for.js:163:27)\n    at d:\\Github\\clone\\tijianbaogao\\门店数据诊断智能体\\store-ai-clinic-web\\node_modules\\@testing-library\\dom\\dist\\query-helpers.js:86:33\n    at d:\\Github\\clone\\tijianbaogao\\门店数据诊断智能体\\store-ai-clinic-web\\tests\\unit\\quality-shell-interactions.test.tsx:330:25\n    at file:///d:/Github/clone/tijianbaogao/%E9%97%A8%E5%BA%97%E6%95%B0%E6%8D%AE%E8%AF%8A%E6%96%AD%E6%99%BA%E8%83%BD%E4%BD%93/store-ai-clinic-web/node_modules/@vitest/runner/dist/index.js:533:5\n    at runTest (file:///d:/Github/clone/tijianbaogao/%E9%97%A8%E5%BA%97%E6%95%B0%E6%8D%AE%E8%AF%8A%E6%96%AD%E6%99%BA%E8%83%BD%E4%BD%93/store-ai-clinic-web/node_modules/@vitest/runner/dist/index.js:1056:11)\n    at runSuite (file:///d:/Github/clone/tijianbaogao/%E9%97%A8%E5%BA%97%E6%95%B0%E6%8D%AE%E8%AF%8A%E6%96%AD%E6%99%BA%E8%83%BD%E4%BD%93/store-ai-clinic-web/node_modules/@vitest/runner/dist/index.js:1205:15)\n    at runSuite (file:///d:/Github/clone/tijianbaogao/%E9%97%A8%E5%BA%97%E6%95%B0%E6%8D%AE%E8%AF%8A%E6%96%AD%E6%99%BA%E8%83%BD%E4%BD%93/store-ai-clinic-web/node_modules/@vitest/runner/dist/index.js:1205:15)\n    at runFiles (file:///d:/Github/clone/tijianbaogao/%E9%97%A8%E5%BA%97%E6%95%B0%E6%8D%AE%E8%AF%8A%E6%96%AD%E6%99%BA%E8%83%BD%E4%BD%93/store-ai-clinic-web/node_modules/@vitest/runner/dist/index.js:1262:5)\n    at startTests (file:///d:/Github/clone/tijianbaogao/%E9%97%A8%E5%BA%97%E6%95%B0%E6%8D%AE%E8%AF%8A%E6%96%AD%E6%99%BA%E8%83%BD%E4%BD%93/store-ai-clinic-web/node_modules/@vitest/runner/dist/index.js:1271:3)\n    at file:///d:/Github/clone/tijianbaogao/%E9%97%A8%E5%BA%97%E6%95%B0%E6%8D%AE%E8%AF%8A%E6%96%AD%E6%99%BA%E8%83%BD%E4%BD%93/store-ai-clinic-web/node_modules/vitest/dist/chunks/runBaseTests.3qpJUEJM.js:126:11"],"meta":{}},{"ancestorTitles":["quality workspace interactions"],"fullName":"quality workspace interactions keeps long evidence text out of the report preview","status":"passed","title":"keeps long evidence text out of the report preview","duration":39.53619999999955,"failureMessages":[],"meta":{}},{"ancestorTitles":["quality workspace interactions"],"fullName":"quality workspace interactions shows visible evidence-panel feedback and updates issue status after a review decision","status":"passed","title":"shows visible evidence-panel feedback and updates issue status after a review decision","duration":205.76620000000003,"failureMessages":[],"meta":{}},{"ancestorTitles":["quality workspace interactions"],"fullName":"quality workspace interactions shows disputed review decisions as marked disputed status","status":"passed","title":"shows disputed review decisions as marked disputed status","duration":204.66090000000077,"failureMessages":[],"meta":{}},{"ancestorTitles":["quality workspace interactions"],"fullName":"quality workspace interactions lets users import source files and start a data-cleaning task","status":"failed","title":"lets users import source files and start a data-cleaning task","duration":1148.9710999999998,"failureMessages":["Error: Unable to find an element with the text: 已导入 2 个文件. This could be because the text is broken up by multiple elements. In this case, you can provide a function for your text matcher to make your matcher more flexible.\n\nIgnored nodes: comments, script, style\n\u001b[36m<body>\u001b[39m\n  \u001b[36m<div>\u001b[39m\n    \u001b[36m<div\u001b[39m\n      \u001b[33mclass\u001b[39m=\u001b[32m\"min-h-full bg-[#f5f7fb] text-[#202733]\"\u001b[39m\n    \u001b[36m>\u001b[39m\n      \u001b[36m<header\u001b[39m\n        \u001b[33mclass\u001b[39m=\u001b[32m\"flex min-h-[58px] flex-wrap items-center justify-between gap-3 border-b border-[#dfe4ea] bg-white px-5 py-3\"\u001b[39m\n      \u001b[36m>\u001b[39m\n        \u001b[36m<div\u001b[39m\n          \u001b[33mclass\u001b[39m=\u001b[32m\"min-w-0\"\u001b[39m\n        \u001b[36m>\u001b[39m\n          \u001b[36m<h1\u001b[39m\n            \u001b[33mclass\u001b[39m=\u001b[32m\"text-xl font-semibold text-[#151922]\"\u001b[39m\n          \u001b[36m>\u001b[39m\n            \u001b[0m批量检测工作台\u001b[0m\n          \u001b[36m</h1>\u001b[39m\n          \u001b[36m<p\u001b[39m\n            \u001b[33mclass\u001b[39m=\u001b[32m\"mt-1 text-sm text-[#0b8b8b]\"\u001b[39m\n            \u001b[33mrole\u001b[39m=\u001b[32m\"status\"\u001b[39m\n          \u001b[36m>\u001b[39m\n            \u001b[0m文件导入完成。\u001b[0m\n          \u001b[36m</p>\u001b[39m\n        \u001b[36m</div>\u001b[39m\n        \u001b[36m<div\u001b[39m\n          \u001b[33mclass\u001b[39m=\u001b[32m\"flex flex-wrap items-center gap-3\"\u001b[39m\n        \u001b[36m>\u001b[39m\n          \u001b[36m<button\u001b[39m\n            \u001b[33mclass\u001b[39m=\u001b[32m\"inline-flex h-9 items-center gap-2 rounded-md border border-[#ccd5df] bg-white px-3 text-sm font-medium text-[#344054] hover:bg-[#f7f9fb]\"\u001b[39m\n            \u001b[33mtype\u001b[39m=\u001b[32m\"button\"\u001b[39m\n          \u001b[36m>\u001b[39m\n            \u001b[36m<svg\u001b[39m\n              \u001b[33maria-hidden\u001b[39m=\u001b[32m\"true\"\u001b[39m\n              \u001b[33mclass\u001b[39m=\u001b[32m\"lucide lucide-pause h-4 w-4\"\u001b[39m\n              \u001b[33mfill\u001b[39m=\u001b[32m\"none\"\u001b[39m\n              \u001b[33mheight\u001b[39m=\u001b[32m\"24\"\u001b[39m\n              \u001b[33mstroke\u001b[39m=\u001b[32m\"currentColor\"\u001b[39m\n              \u001b[33mstroke-linecap\u001b[39m=\u001b[32m\"round\"\u001b[39m\n              \u001b[33mstroke-linejoin\u001b[39m=\u001b[32m\"round\"\u001b[39m\n              \u001b[33mstroke-width\u001b[39m=\u001b[32m\"2\"\u001b[39m\n              \u001b[33mviewBox\u001b[39m=\u001b[32m\"0 0 24 24\"\u001b[39m\n              \u001b[33mwidth\u001b[39m=\u001b[32m\"24\"\u001b[39m\n              \u001b[33mxmlns\u001b[39m=\u001b[32m\"http://www.w3.org/2000/svg\"\u001b[39m\n            \u001b[36m>\u001b[39m\n              \u001b[36m<rect\u001b[39m\n                \u001b[33mheight\u001b[39m=\u001b[32m\"16\"\u001b[39m\n                \u001b[33mrx\u001b[39m=\u001b[32m\"1\"\u001b[39m\n                \u001b[33mwidth\u001b[39m=\u001b[32m\"4\"\u001b[39m\n                \u001b[33mx\u001b[39m=\u001b[32m\"14\"\u001b[39m\n                \u001b[33my\u001b[39m=\u001b[32m\"4\"\u001b[39m\n              \u001b[36m/>\u001b[39m\n              \u001b[36m<rect\u001b[39m\n                \u001b[33mheight\u001b[39m=\u001b[32m\"16\"\u001b[39m\n                \u001b[33mrx\u001b[39m=\u001b[32m\"1\"\u001b[39m\n                \u001b[33mwidth\u001b[39m=\u001b[32m\"4\"\u001b[39m\n                \u001b[33mx\u001b[39m=\u001b[32m\"6\"\u001b[39m\n                \u001b[33my\u001b[39m=\u001b[32m\"4\"\u001b[39m\n              \u001b[36m/>\u001b[39m\n            \u001b[36m</svg>\u001b[39m\n            \u001b[0m暂停任务\u001b[0m\n          \u001b[36m</button>\u001b[39m\n          \u001b[36m<button\u001b[39m\n            \u001b[33mclass\u001b[39m=\u001b[32m\"inline-flex h-9 items-center gap-2 rounded-md border border-[#ccd5df] bg-white px-3 text-sm font-medium text-[#344054] hover:bg-[#f7f9fb]\"\u001b[39m\n            \u001b[33mtype\u001b[39m=\u001b[32m\"button\"\u001b[39m\n          \u001b[36m>\u001b[39m\n            \u001b[36m<svg\u001b[39m\n              \u001b[33maria-hidden\u001b[39m=\u001b[32m\"true\"\u001b[39m\n              \u001b[33mclass\u001b[39m=\u001b[32m\"lucide lucide-refresh-cw h-4 w-4\"\u001b[39m\n              \u001b[33mfill\u001b[39m=\u001b[32m\"none\"\u001b[39m\n              \u001b[33mheight\u001b[39m=\u001b[32m\"24\"\u001b[39m\n              \u001b[33mstroke\u001b[39m=\u001b[32m\"currentColor\"\u001b[39m\n              \u001b[33mstroke-linecap\u001b[39m=\u001b[32m\"round\"\u001b[39m\n              \u001b[33mstroke-linejoin\u001b[39m=\u001b[32m\"round\"\u001b[39m\n              \u001b[33mstroke-width\u001b[39m=\u001b[32m\"2\"\u001b[39m\n              \u001b[33mviewBox\u001b[39m=\u001b[32m\"0 0 24 24\"\u001b[39m\n              \u001b[33mwidth\u001b[39m=\u001b[32m\"24\"\u001b[39m\n              \u001b[33mxmlns\u001b[39m=\u001b[32m\"http://www.w3.org/2000/svg\"\u001b[39m\n            \u001b[36m>\u001b[39m\n              \u001b[36m<path\u001b[39m\n                \u001b[33md\u001b[39m=\u001b[32m\"M3 12a9 9 0 0 1 9-9 9.75 9.75 0 0 1 6.74 2.74L21 8\"\u001b[39m\n              \u001b[36m/>\u001b[39m\n              \u001b[36m<path\u001b[39m\n                \u001b[33md\u001b[39m=\u001b[32m\"M21 3v5h-5\"\u001b[39m\n              \u001b[36m/>\u001b[39m\n              \u001b[36m<path\u001b[39m\n                \u001b[33md\u001b[39m=\u001b[32m\"M21 12a9 9 0 0 1-9 9 9.75 9.75 0 0 1-6.74-2.74L3 16\"\u001b[39m\n              \u001b[36m/>\u001b[39m\n              \u001b[36m<path\u001b[39m\n                \u001b[33md\u001b[39m=\u001b[32m\"M8 16H3v5\"\u001b[39m\n              \u001b[36m/>\u001b[39m\n            \u001b[36m</svg>\u001b[39m\n            \u001b[0m重新运行\u001b[0m\n          \u001b[36m</button>\u001b[39m\n          \u001b[36m<button\u001b[39m\n            \u001b[33mclass\u001b[39m=\u001b[32m\"inline-flex h-9 items-center gap-2 rounded-md bg-[#0b9a9a] px-3 text-sm font-semibold text-white hover:bg-[#087f7f]\"\u001b[39m\n            \u001b[33mtype\u001b[39m=\u001b[32m\"button\"\u001b[39m\n          \u001b[36m>\u001b[39m\n            \u001b[36m<svg\u001b[39m\n              \u001b[33maria-hidden\u001b[39m=\u001b[32m\"true\"\u001b[39m\n              \u001b[33mclass\u001b[39m=\u001b[32m\"lucide lucide-download h-4 w-4\"\u001b[39m\n              \u001b[33mfill\u001b[39m=\u001b[32m\"none\"\u001b[39m\n              \u001b[33mheight\u001b[39m=\u001b[32m\"24\"\u001b[39m\n              \u001b[33mstroke\u001b[39m=\u001b[32m\"currentColor\"\u001b[39m\n              \u001b[33mstroke-linecap\u001b[39m=\u001b[32m\"round\"\u001b[39m\n              \u001b[33mstroke-linejoin\u001b[39m=\u001b[32m\"round\"\u001b[39m\n              \u001b[33mstroke-width\u001b[39m=\u001b[32m\"2\"\u001b[39m\n              \u001b[33mviewBox\u001b[39m=\u001b[32m\"0 0 24 24\"\u001b[39m\n              \u001b[33mwidth\u001b[39m=\u001b[32m\"24\"\u001b[39m\n              \u001b[33mxmlns\u001b[39m=\u001b[32m\"http://www.w3.org/2000/svg\"\u001b[39m\n            \u001b[36m>\u001b[39m\n              \u001b[36m<path\u001b[39m\n                \u001b[33md\u001b[39m=\u001b[32m\"M21 15v4a2 2 0 0 1-2 2H5a2 2 0 0 1-2-2v-4\"\u001b[39m\n              \u001b[36m/>\u001b[39m\n              \u001b[36m<polyline\u001b[39m\n                \u001b[33mpoints\u001b[39m=\u001b[32m\"7 10 12 15 17 10\"\u001b[39m\n              \u001b[36m/>\u001b[39m\n              \u001b[36m<line\u001b[39m\n                \u001b[33mx1\u001b[39m=\u001b[32m\"12\"\u001b[39m\n                \u001b[33mx2\u001b[39m=\u001b[32m\"12\"\u001b[39m\n                \u001b[33my1\u001b[39m=\u001b[32m\"15\"\u001b[39m\n                \u001b[33my2\u001b[39m=\u001b[32m\"3\"\u001b[39m\n              \u001b[36m/>\u001b[39m\n            \u001b[36m</svg>\u001b[39m\n            \u001b[0m导出结果\u001b[0m\n          \u001b[36m</button>\u001b[39m\n          \u001b[36m<div\u001b[39m\n            \u001b[33mclass\u001b[39m=\u001b[32m\"hidden items-center gap-2 border-l border-[#e4e9ef] pl-3 text-sm text-[#303846] md:flex\"\u001b[39m\n          \u001b[36m>\u001b[39m\n            \u001b[36m<span\u001b[39m\n              \u001b[33mclass\u001b[39m=\u001b[32m\"grid h-8 w-8 place-items-center rounded-full bg-[#eef2f6] text-[#5e6978]\"\u001b[39m\n            \u001b[36m>\u001b[39m\n              \u001b[0m●\u001b[0m\n            \u001b[36m</span>\u001b[39m\n            \u001b[36m<span>\u001b[39m\n              \u001b[0madmin\u001b[0m\n            \u001b[36m</span>\u001b[39m\n            \u001b[36m<svg\u001b[39m\n              \u001b[33maria-hidden\u001b[39m=\u001b[32m\"true\"\u001b[39m\n              \u001b[33mclass\u001b[39m=\u001b[32m\"lucide lucide-chevron-down h-4 w-4 text-[#5e6978]\"\u001b[39m\n              \u001b[33mfill\u001b[39m=\u001b[32m\"none\"\u001b[39m\n              \u001b[33mheight\u001b[39m=\u001b[32m\"24\"\u001b[39m\n              \u001b[33mstroke\u001b[39m=\u001b[32m\"currentColor\"\u001b[39m\n              \u001b[33mstroke-linecap\u001b[39m=\u001b[32m\"round\"\u001b[39m\n              \u001b[33mstroke-linejoin\u001b[39m=\u001b[32m\"round\"\u001b[39m\n              \u001b[33mstroke-width\u001b[39m=\u001b[32m\"2\"\u001b[39m\n              \u001b[33mviewBox\u001b[39m=\u001b[32m\"0 0 24 24\"\u001b[39m\n              \u001b[33mwidth\u001b[39m=\u001b[32m\"24\"\u001b[39m\n              \u001b[33mxmlns\u001b[39m=\u001b[32m\"http://www.w3.org/2000/svg\"\u001b[39m\n            \u001b[36m>\u001b[39m\n              \u001b[36m<path\u001b[39m\n                \u001b[33md\u001b[39m=\u001b[32m\"m6 9 6 6 6-6\"\u001b[39m\n              \u001b[36m/>\u001b[39m\n            \u001b[36m</svg>\u001b[39m\n          \u001b[36m</div>\u001b[39m\n        \u001b[36m</div>\u001b[39m\n      \u001b[36m</header>\u001b[39m\n      \u001b[36m<main\u001b[39m\n        \u001b[33mclass\u001b[39m=\u001b[32m\"grid gap-4 p-4 xl:grid-cols-[min...\n    at waitForWrapper (d:\\Github\\clone\\tijianbaogao\\门店数据诊断智能体\\store-ai-clinic-web\\node_modules\\@testing-library\\dom\\dist\\wait-for.js:163:27)\n    at d:\\Github\\clone\\tijianbaogao\\门店数据诊断智能体\\store-ai-clinic-web\\node_modules\\@testing-library\\dom\\dist\\query-helpers.js:86:33\n    at d:\\Github\\clone\\tijianbaogao\\门店数据诊断智能体\\store-ai-clinic-web\\tests\\unit\\quality-shell-interactions.test.tsx:455:25\n    at file:///d:/Github/clone/tijianbaogao/%E9%97%A8%E5%BA%97%E6%95%B0%E6%8D%AE%E8%AF%8A%E6%96%AD%E6%99%BA%E8%83%BD%E4%BD%93/store-ai-clinic-web/node_modules/@vitest/runner/dist/index.js:533:5\n    at runTest (file:///d:/Github/clone/tijianbaogao/%E9%97%A8%E5%BA%97%E6%95%B0%E6%8D%AE%E8%AF%8A%E6%96%AD%E6%99%BA%E8%83%BD%E4%BD%93/store-ai-clinic-web/node_modules/@vitest/runner/dist/index.js:1056:11)\n    at runSuite (file:///d:/Github/clone/tijianbaogao/%E9%97%A8%E5%BA%97%E6%95%B0%E6%8D%AE%E8%AF%8A%E6%96%AD%E6%99%BA%E8%83%BD%E4%BD%93/store-ai-clinic-web/node_modules/@vitest/runner/dist/index.js:1205:15)\n    at runSuite (file:///d:/Github/clone/tijianbaogao/%E9%97%A8%E5%BA%97%E6%95%B0%E6%8D%AE%E8%AF%8A%E6%96%AD%E6%99%BA%E8%83%BD%E4%BD%93/store-ai-clinic-web/node_modules/@vitest/runner/dist/index.js:1205:15)\n    at runFiles (file:///d:/Github/clone/tijianbaogao/%E9%97%A8%E5%BA%97%E6%95%B0%E6%8D%AE%E8%AF%8A%E6%96%AD%E6%99%BA%E8%83%BD%E4%BD%93/store-ai-clinic-web/node_modules/@vitest/runner/dist/index.js:1262:5)\n    at startTests (file:///d:/Github/clone/tijianbaogao/%E9%97%A8%E5%BA%97%E6%95%B0%E6%8D%AE%E8%AF%8A%E6%96%AD%E6%99%BA%E8%83%BD%E4%BD%93/store-ai-clinic-web/node_modules/@vitest/runner/dist/index.js:1271:3)\n    at file:///d:/Github/clone/tijianbaogao/%E9%97%A8%E5%BA%97%E6%95%B0%E6%8D%AE%E8%AF%8A%E6%96%AD%E6%99%BA%E8%83%BD%E4%BD%93/store-ai-clinic-web/node_modules/vitest/dist/chunks/runBaseTests.3qpJUEJM.js:126:11"],"meta":{}},{"ancestorTitles":["quality workspace interactions"],"fullName":"quality workspace interactions summarizes cleaned data errors and privacy leaks in the batch result area","status":"failed","title":"summarizes cleaned data errors and privacy leaks in the batch result area","duration":1162.5864000000001,"failureMessages":["Error: Unable to find an element with the text: 已导入 2 个文件. This could be because the text is broken up by multiple elements. In this case, you can provide a function for your text matcher to make your matcher more flexible.\n\nIgnored nodes: comments, script, style\n\u001b[36m<body>\u001b[39m\n  \u001b[36m<div>\u001b[39m\n    \u001b[36m<div\u001b[39m\n      \u001b[33mclass\u001b[39m=\u001b[32m\"min-h-full bg-[#f5f7fb] text-[#202733]\"\u001b[39m\n    \u001b[36m>\u001b[39m\n      \u001b[36m<header\u001b[39m\n        \u001b[33mclass\u001b[39m=\u001b[32m\"flex min-h-[58px] flex-wrap items-center justify-between gap-3 border-b border-[#dfe4ea] bg-white px-5 py-3\"\u001b[39m\n      \u001b[36m>\u001b[39m\n        \u001b[36m<div\u001b[39m\n          \u001b[33mclass\u001b[39m=\u001b[32m\"min-w-0\"\u001b[39m\n        \u001b[36m>\u001b[39m\n          \u001b[36m<h1\u001b[39m\n            \u001b[33mclass\u001b[39m=\u001b[32m\"text-xl font-semibold text-[#151922]\"\u001b[39m\n          \u001b[36m>\u001b[39m\n            \u001b[0m批量检测工作台\u001b[0m\n          \u001b[36m</h1>\u001b[39m\n          \u001b[36m<p\u001b[39m\n            \u001b[33mclass\u001b[39m=\u001b[32m\"mt-1 text-sm text-[#0b8b8b]\"\u001b[39m\n            \u001b[33mrole\u001b[39m=\u001b[32m\"status\"\u001b[39m\n          \u001b[36m>\u001b[39m\n            \u001b[0m文件导入完成。\u001b[0m\n          \u001b[36m</p>\u001b[39m\n        \u001b[36m</div>\u001b[39m\n        \u001b[36m<div\u001b[39m\n          \u001b[33mclass\u001b[39m=\u001b[32m\"flex flex-wrap items-center gap-3\"\u001b[39m\n        \u001b[36m>\u001b[39m\n          \u001b[36m<button\u001b[39m\n            \u001b[33mclass\u001b[39m=\u001b[32m\"inline-flex h-9 items-center gap-2 rounded-md border border-[#ccd5df] bg-white px-3 text-sm font-medium text-[#344054] hover:bg-[#f7f9fb]\"\u001b[39m\n            \u001b[33mtype\u001b[39m=\u001b[32m\"button\"\u001b[39m\n          \u001b[36m>\u001b[39m\n            \u001b[36m<svg\u001b[39m\n              \u001b[33maria-hidden\u001b[39m=\u001b[32m\"true\"\u001b[39m\n              \u001b[33mclass\u001b[39m=\u001b[32m\"lucide lucide-pause h-4 w-4\"\u001b[39m\n              \u001b[33mfill\u001b[39m=\u001b[32m\"none\"\u001b[39m\n              \u001b[33mheight\u001b[39m=\u001b[32m\"24\"\u001b[39m\n              \u001b[33mstroke\u001b[39m=\u001b[32m\"currentColor\"\u001b[39m\n              \u001b[33mstroke-linecap\u001b[39m=\u001b[32m\"round\"\u001b[39m\n              \u001b[33mstroke-linejoin\u001b[39m=\u001b[32m\"round\"\u001b[39m\n              \u001b[33mstroke-width\u001b[39m=\u001b[32m\"2\"\u001b[39m\n              \u001b[33mviewBox\u001b[39m=\u001b[32m\"0 0 24 24\"\u001b[39m\n              \u001b[33mwidth\u001b[39m=\u001b[32m\"24\"\u001b[39m\n              \u001b[33mxmlns\u001b[39m=\u001b[32m\"http://www.w3.org/2000/svg\"\u001b[39m\n            \u001b[36m>\u001b[39m\n              \u001b[36m<rect\u001b[39m\n                \u001b[33mheight\u001b[39m=\u001b[32m\"16\"\u001b[39m\n                \u001b[33mrx\u001b[39m=\u001b[32m\"1\"\u001b[39m\n                \u001b[33mwidth\u001b[39m=\u001b[32m\"4\"\u001b[39m\n                \u001b[33mx\u001b[39m=\u001b[32m\"14\"\u001b[39m\n                \u001b[33my\u001b[39m=\u001b[32m\"4\"\u001b[39m\n              \u001b[36m/>\u001b[39m\n              \u001b[36m<rect\u001b[39m\n                \u001b[33mheight\u001b[39m=\u001b[32m\"16\"\u001b[39m\n                \u001b[33mrx\u001b[39m=\u001b[32m\"1\"\u001b[39m\n                \u001b[33mwidth\u001b[39m=\u001b[32m\"4\"\u001b[39m\n                \u001b[33mx\u001b[39m=\u001b[32m\"6\"\u001b[39m\n                \u001b[33my\u001b[39m=\u001b[32m\"4\"\u001b[39m\n              \u001b[36m/>\u001b[39m\n            \u001b[36m</svg>\u001b[39m\n            \u001b[0m暂停任务\u001b[0m\n          \u001b[36m</button>\u001b[39m\n          \u001b[36m<button\u001b[39m\n            \u001b[33mclass\u001b[39m=\u001b[32m\"inline-flex h-9 items-center gap-2 rounded-md border border-[#ccd5df] bg-white px-3 text-sm font-medium text-[#344054] hover:bg-[#f7f9fb]\"\u001b[39m\n            \u001b[33mtype\u001b[39m=\u001b[32m\"button\"\u001b[39m\n          \u001b[36m>\u001b[39m\n            \u001b[36m<svg\u001b[39m\n              \u001b[33maria-hidden\u001b[39m=\u001b[32m\"true\"\u001b[39m\n              \u001b[33mclass\u001b[39m=\u001b[32m\"lucide lucide-refresh-cw h-4 w-4\"\u001b[39m\n              \u001b[33mfill\u001b[39m=\u001b[32m\"none\"\u001b[39m\n              \u001b[33mheight\u001b[39m=\u001b[32m\"24\"\u001b[39m\n              \u001b[33mstroke\u001b[39m=\u001b[32m\"currentColor\"\u001b[39m\n              \u001b[33mstroke-linecap\u001b[39m=\u001b[32m\"round\"\u001b[39m\n              \u001b[33mstroke-linejoin\u001b[39m=\u001b[32m\"round\"\u001b[39m\n              \u001b[33mstroke-width\u001b[39m=\u001b[32m\"2\"\u001b[39m\n              \u001b[33mviewBox\u001b[39m=\u001b[32m\"0 0 24 24\"\u001b[39m\n              \u001b[33mwidth\u001b[39m=\u001b[32m\"24\"\u001b[39m\n              \u001b[33mxmlns\u001b[39m=\u001b[32m\"http://www.w3.org/2000/svg\"\u001b[39m\n            \u001b[36m>\u001b[39m\n              \u001b[36m<path\u001b[39m\n                \u001b[33md\u001b[39m=\u001b[32m\"M3 12a9 9 0 0 1 9-9 9.75 9.75 0 0 1 6.74 2.74L21 8\"\u001b[39m\n              \u001b[36m/>\u001b[39m\n              \u001b[36m<path\u001b[39m\n                \u001b[33md\u001b[39m=\u001b[32m\"M21 3v5h-5\"\u001b[39m\n              \u001b[36m/>\u001b[39m\n              \u001b[36m<path\u001b[39m\n                \u001b[33md\u001b[39m=\u001b[32m\"M21 12a9 9 0 0 1-9 9 9.75 9.75 0 0 1-6.74-2.74L3 16\"\u001b[39m\n              \u001b[36m/>\u001b[39m\n              \u001b[36m<path\u001b[39m\n                \u001b[33md\u001b[39m=\u001b[32m\"M8 16H3v5\"\u001b[39m\n              \u001b[36m/>\u001b[39m\n            \u001b[36m</svg>\u001b[39m\n            \u001b[0m重新运行\u001b[0m\n          \u001b[36m</button>\u001b[39m\n          \u001b[36m<button\u001b[39m\n            \u001b[33mclass\u001b[39m=\u001b[32m\"inline-flex h-9 items-center gap-2 rounded-md bg-[#0b9a9a] px-3 text-sm font-semibold text-white hover:bg-[#087f7f]\"\u001b[39m\n            \u001b[33mtype\u001b[39m=\u001b[32m\"button\"\u001b[39m\n          \u001b[36m>\u001b[39m\n            \u001b[36m<svg\u001b[39m\n              \u001b[33maria-hidden\u001b[39m=\u001b[32m\"true\"\u001b[39m\n              \u001b[33mclass\u001b[39m=\u001b[32m\"lucide lucide-download h-4 w-4\"\u001b[39m\n              \u001b[33mfill\u001b[39m=\u001b[32m\"none\"\u001b[39m\n              \u001b[33mheight\u001b[39m=\u001b[32m\"24\"\u001b[39m\n              \u001b[33mstroke\u001b[39m=\u001b[32m\"currentColor\"\u001b[39m\n              \u001b[33mstroke-linecap\u001b[39m=\u001b[32m\"round\"\u001b[39m\n              \u001b[33mstroke-linejoin\u001b[39m=\u001b[32m\"round\"\u001b[39m\n              \u001b[33mstroke-width\u001b[39m=\u001b[32m\"2\"\u001b[39m\n              \u001b[33mviewBox\u001b[39m=\u001b[32m\"0 0 24 24\"\u001b[39m\n              \u001b[33mwidth\u001b[39m=\u001b[32m\"24\"\u001b[39m\n              \u001b[33mxmlns\u001b[39m=\u001b[32m\"http://www.w3.org/2000/svg\"\u001b[39m\n            \u001b[36m>\u001b[39m\n              \u001b[36m<path\u001b[39m\n                \u001b[33md\u001b[39m=\u001b[32m\"M21 15v4a2 2 0 0 1-2 2H5a2 2 0 0 1-2-2v-4\"\u001b[39m\n              \u001b[36m/>\u001b[39m\n              \u001b[36m<polyline\u001b[39m\n                \u001b[33mpoints\u001b[39m=\u001b[32m\"7 10 12 15 17 10\"\u001b[39m\n              \u001b[36m/>\u001b[39m\n              \u001b[36m<line\u001b[39m\n                \u001b[33mx1\u001b[39m=\u001b[32m\"12\"\u001b[39m\n                \u001b[33mx2\u001b[39m=\u001b[32m\"12\"\u001b[39m\n                \u001b[33my1\u001b[39m=\u001b[32m\"15\"\u001b[39m\n                \u001b[33my2\u001b[39m=\u001b[32m\"3\"\u001b[39m\n              \u001b[36m/>\u001b[39m\n            \u001b[36m</svg>\u001b[39m\n            \u001b[0m导出结果\u001b[0m\n          \u001b[36m</button>\u001b[39m\n          \u001b[36m<div\u001b[39m\n            \u001b[33mclass\u001b[39m=\u001b[32m\"hidden items-center gap-2 border-l border-[#e4e9ef] pl-3 text-sm text-[#303846] md:flex\"\u001b[39m\n          \u001b[36m>\u001b[39m\n            \u001b[36m<span\u001b[39m\n              \u001b[33mclass\u001b[39m=\u001b[32m\"grid h-8 w-8 place-items-center rounded-full bg-[#eef2f6] text-[#5e6978]\"\u001b[39m\n            \u001b[36m>\u001b[39m\n              \u001b[0m●\u001b[0m\n            \u001b[36m</span>\u001b[39m\n            \u001b[36m<span>\u001b[39m\n              \u001b[0madmin\u001b[0m\n            \u001b[36m</span>\u001b[39m\n            \u001b[36m<svg\u001b[39m\n              \u001b[33maria-hidden\u001b[39m=\u001b[32m\"true\"\u001b[39m\n              \u001b[33mclass\u001b[39m=\u001b[32m\"lucide lucide-chevron-down h-4 w-4 text-[#5e6978]\"\u001b[39m\n              \u001b[33mfill\u001b[39m=\u001b[32m\"none\"\u001b[39m\n              \u001b[33mheight\u001b[39m=\u001b[32m\"24\"\u001b[39m\n              \u001b[33mstroke\u001b[39m=\u001b[32m\"currentColor\"\u001b[39m\n              \u001b[33mstroke-linecap\u001b[39m=\u001b[32m\"round\"\u001b[39m\n              \u001b[33mstroke-linejoin\u001b[39m=\u001b[32m\"round\"\u001b[39m\n              \u001b[33mstroke-width\u001b[39m=\u001b[32m\"2\"\u001b[39m\n              \u001b[33mviewBox\u001b[39m=\u001b[32m\"0 0 24 24\"\u001b[39m\n              \u001b[33mwidth\u001b[39m=\u001b[32m\"24\"\u001b[39m\n              \u001b[33mxmlns\u001b[39m=\u001b[32m\"http://www.w3.org/2000/svg\"\u001b[39m\n            \u001b[36m>\u001b[39m\n              \u001b[36m<path\u001b[39m\n                \u001b[33md\u001b[39m=\u001b[32m\"m6 9 6 6 6-6\"\u001b[39m\n              \u001b[36m/>\u001b[39m\n            \u001b[36m</svg>\u001b[39m\n          \u001b[36m</div>\u001b[39m\n        \u001b[36m</div>\u001b[39m\n      \u001b[36m</header>\u001b[39m\n      \u001b[36m<main\u001b[39m\n        \u001b[33mclass\u001b[39m=\u001b[32m\"grid gap-4 p-4 xl:grid-cols-[min...\n    at waitForWrapper (d:\\Github\\clone\\tijianbaogao\\门店数据诊断智能体\\store-ai-clinic-web\\node_modules\\@testing-library\\dom\\dist\\wait-for.js:163:27)\n    at d:\\Github\\clone\\tijianbaogao\\门店数据诊断智能体\\store-ai-clinic-web\\node_modules\\@testing-library\\dom\\dist\\query-helpers.js:86:33\n    at d:\\Github\\clone\\tijianbaogao\\门店数据诊断智能体\\store-ai-clinic-web\\tests\\unit\\quality-shell-interactions.test.tsx:571:18\n    at file:///d:/Github/clone/tijianbaogao/%E9%97%A8%E5%BA%97%E6%95%B0%E6%8D%AE%E8%AF%8A%E6%96%AD%E6%99%BA%E8%83%BD%E4%BD%93/store-ai-clinic-web/node_modules/@vitest/runner/dist/index.js:533:5\n    at runTest (file:///d:/Github/clone/tijianbaogao/%E9%97%A8%E5%BA%97%E6%95%B0%E6%8D%AE%E8%AF%8A%E6%96%AD%E6%99%BA%E8%83%BD%E4%BD%93/store-ai-clinic-web/node_modules/@vitest/runner/dist/index.js:1056:11)\n    at runSuite (file:///d:/Github/clone/tijianbaogao/%E9%97%A8%E5%BA%97%E6%95%B0%E6%8D%AE%E8%AF%8A%E6%96%AD%E6%99%BA%E8%83%BD%E4%BD%93/store-ai-clinic-web/node_modules/@vitest/runner/dist/index.js:1205:15)\n    at runSuite (file:///d:/Github/clone/tijianbaogao/%E9%97%A8%E5%BA%97%E6%95%B0%E6%8D%AE%E8%AF%8A%E6%96%AD%E6%99%BA%E8%83%BD%E4%BD%93/store-ai-clinic-web/node_modules/@vitest/runner/dist/index.js:1205:15)\n    at runFiles (file:///d:/Github/clone/tijianbaogao/%E9%97%A8%E5%BA%97%E6%95%B0%E6%8D%AE%E8%AF%8A%E6%96%AD%E6%99%BA%E8%83%BD%E4%BD%93/store-ai-clinic-web/node_modules/@vitest/runner/dist/index.js:1262:5)\n    at startTests (file:///d:/Github/clone/tijianbaogao/%E9%97%A8%E5%BA%97%E6%95%B0%E6%8D%AE%E8%AF%8A%E6%96%AD%E6%99%BA%E8%83%BD%E4%BD%93/store-ai-clinic-web/node_modules/@vitest/runner/dist/index.js:1271:3)\n    at file:///d:/Github/clone/tijianbaogao/%E9%97%A8%E5%BA%97%E6%95%B0%E6%8D%AE%E8%AF%8A%E6%96%AD%E6%99%BA%E8%83%BD%E4%BD%93/store-ai-clinic-web/node_modules/vitest/dist/chunks/runBaseTests.3qpJUEJM.js:126:11"],"meta":{}},{"ancestorTitles":["quality workspace interactions"],"fullName":"quality workspace interactions selects real vision findings ahead of OCR placeholders after cleaning","status":"failed","title":"selects real vision findings ahead of OCR placeholders after cleaning","duration":1151.8008,"failureMessages":["Error: Unable to find an element with the text: 已导入 1 个文件. This could be because the text is broken up by multiple elements. In this case, you can provide a function for your text matcher to make your matcher more flexible.\n\nIgnored nodes: comments, script, style\n\u001b[36m<body>\u001b[39m\n  \u001b[36m<div>\u001b[39m\n    \u001b[36m<div\u001b[39m\n      \u001b[33mclass\u001b[39m=\u001b[32m\"min-h-full bg-[#f5f7fb] text-[#202733]\"\u001b[39m\n    \u001b[36m>\u001b[39m\n      \u001b[36m<header\u001b[39m\n        \u001b[33mclass\u001b[39m=\u001b[32m\"flex min-h-[58px] flex-wrap items-center justify-between gap-3 border-b border-[#dfe4ea] bg-white px-5 py-3\"\u001b[39m\n      \u001b[36m>\u001b[39m\n        \u001b[36m<div\u001b[39m\n          \u001b[33mclass\u001b[39m=\u001b[32m\"min-w-0\"\u001b[39m\n        \u001b[36m>\u001b[39m\n          \u001b[36m<h1\u001b[39m\n            \u001b[33mclass\u001b[39m=\u001b[32m\"text-xl font-semibold text-[#151922]\"\u001b[39m\n          \u001b[36m>\u001b[39m\n            \u001b[0m批量检测工作台\u001b[0m\n          \u001b[36m</h1>\u001b[39m\n          \u001b[36m<p\u001b[39m\n            \u001b[33mclass\u001b[39m=\u001b[32m\"mt-1 text-sm text-[#0b8b8b]\"\u001b[39m\n            \u001b[33mrole\u001b[39m=\u001b[32m\"status\"\u001b[39m\n          \u001b[36m>\u001b[39m\n            \u001b[0m文件导入完成。\u001b[0m\n          \u001b[36m</p>\u001b[39m\n        \u001b[36m</div>\u001b[39m\n        \u001b[36m<div\u001b[39m\n          \u001b[33mclass\u001b[39m=\u001b[32m\"flex flex-wrap items-center gap-3\"\u001b[39m\n        \u001b[36m>\u001b[39m\n          \u001b[36m<button\u001b[39m\n            \u001b[33mclass\u001b[39m=\u001b[32m\"inline-flex h-9 items-center gap-2 rounded-md border border-[#ccd5df] bg-white px-3 text-sm font-medium text-[#344054] hover:bg-[#f7f9fb]\"\u001b[39m\n            \u001b[33mtype\u001b[39m=\u001b[32m\"button\"\u001b[39m\n          \u001b[36m>\u001b[39m\n            \u001b[36m<svg\u001b[39m\n              \u001b[33maria-hidden\u001b[39m=\u001b[32m\"true\"\u001b[39m\n              \u001b[33mclass\u001b[39m=\u001b[32m\"lucide lucide-pause h-4 w-4\"\u001b[39m\n              \u001b[33mfill\u001b[39m=\u001b[32m\"none\"\u001b[39m\n              \u001b[33mheight\u001b[39m=\u001b[32m\"24\"\u001b[39m\n              \u001b[33mstroke\u001b[39m=\u001b[32m\"currentColor\"\u001b[39m\n              \u001b[33mstroke-linecap\u001b[39m=\u001b[32m\"round\"\u001b[39m\n              \u001b[33mstroke-linejoin\u001b[39m=\u001b[32m\"round\"\u001b[39m\n              \u001b[33mstroke-width\u001b[39m=\u001b[32m\"2\"\u001b[39m\n              \u001b[33mviewBox\u001b[39m=\u001b[32m\"0 0 24 24\"\u001b[39m\n              \u001b[33mwidth\u001b[39m=\u001b[32m\"24\"\u001b[39m\n              \u001b[33mxmlns\u001b[39m=\u001b[32m\"http://www.w3.org/2000/svg\"\u001b[39m\n            \u001b[36m>\u001b[39m\n              \u001b[36m<rect\u001b[39m\n                \u001b[33mheight\u001b[39m=\u001b[32m\"16\"\u001b[39m\n                \u001b[33mrx\u001b[39m=\u001b[32m\"1\"\u001b[39m\n                \u001b[33mwidth\u001b[39m=\u001b[32m\"4\"\u001b[39m\n                \u001b[33mx\u001b[39m=\u001b[32m\"14\"\u001b[39m\n                \u001b[33my\u001b[39m=\u001b[32m\"4\"\u001b[39m\n              \u001b[36m/>\u001b[39m\n              \u001b[36m<rect\u001b[39m\n                \u001b[33mheight\u001b[39m=\u001b[32m\"16\"\u001b[39m\n                \u001b[33mrx\u001b[39m=\u001b[32m\"1\"\u001b[39m\n                \u001b[33mwidth\u001b[39m=\u001b[32m\"4\"\u001b[39m\n                \u001b[33mx\u001b[39m=\u001b[32m\"6\"\u001b[39m\n                \u001b[33my\u001b[39m=\u001b[32m\"4\"\u001b[39m\n              \u001b[36m/>\u001b[39m\n            \u001b[36m</svg>\u001b[39m\n            \u001b[0m暂停任务\u001b[0m\n          \u001b[36m</button>\u001b[39m\n          \u001b[36m<button\u001b[39m\n            \u001b[33mclass\u001b[39m=\u001b[32m\"inline-flex h-9 items-center gap-2 rounded-md border border-[#ccd5df] bg-white px-3 text-sm font-medium text-[#344054] hover:bg-[#f7f9fb]\"\u001b[39m\n            \u001b[33mtype\u001b[39m=\u001b[32m\"button\"\u001b[39m\n          \u001b[36m>\u001b[39m\n            \u001b[36m<svg\u001b[39m\n              \u001b[33maria-hidden\u001b[39m=\u001b[32m\"true\"\u001b[39m\n              \u001b[33mclass\u001b[39m=\u001b[32m\"lucide lucide-refresh-cw h-4 w-4\"\u001b[39m\n              \u001b[33mfill\u001b[39m=\u00
[...]
1b[36m<svg\u001b[39m\n              \u001b[33maria-hidden\u001b[39m=\u001b[32m\"true\"\u001b[39m\n              \u001b[33mclass\u001b[39m=\u001b[32m\"lucide lucide-refresh-cw h-4 w-4\"\u001b[39m\n              \u001b[33mfill\u001b[39m=\u001b[32m\"none\"\u001b[39m\n              \u001b[33mheight\u001b[39m=\u001b[32m\"24\"\u001b[39m\n              \u001b[33mstroke\u001b[39m=\u001b[32m\"currentColor\"\u001b[39m\n              \u001b[33mstroke-linecap\u001b[39m=\u001b[32m\"round\"\u001b[39m\n              \u001b[33mstroke-linejoin\u001b[39m=\u001b[32m\"round\"\u001b[39m\n              \u001b[33mstroke-width\u001b[39m=\u001b[32m\"2\"\u001b[39m\n              \u001b[33mviewBox\u001b[39m=\u001b[32m\"0 0 24 24\"\u001b[39m\n              \u001b[33mwidth\u001b[39m=\u001b[32m\"24\"\u001b[39m\n              \u001b[33mxmlns\u001b[39m=\u001b[32m\"http://www.w3.org/2000/svg\"\u001b[39m\n            \u001b[36m>\u001b[39m\n              \u001b[36m<path\u001b[39m\n                \u001b[33md\u001b[39m=\u001b[32m\"M3 12a9 9 0 0 1 9-9 9.75 9.75 0 0 1 6.74 2.74L21 8\"\u001b[39m\n              \u001b[36m/>\u001b[39m\n              \u001b[36m<path\u001b[39m\n                \u001b[33md\u001b[39m=\u001b[32m\"M21 3v5h-5\"\u001b[39m\n              \u001b[36m/>\u001b[39m\n              \u001b[36m<path\u001b[39m\n                \u001b[33md\u001b[39m=\u001b[32m\"M21 12a9 9 0 0 1-9 9 9.75 9.75 0 0 1-6.74-2.74L3 16\"\u001b[39m\n              \u001b[36m/>\u001b[39m\n              \u001b[36m<path\u001b[39m\n                \u001b[33md\u001b[39m=\u001b[32m\"M8 16H3v5\"\u001b[39m\n              \u001b[36m/>\u001b[39m\n            \u001b[36m</svg>\u001b[39m\n            \u001b[0m重新运行\u001b[0m\n          \u001b[36m</button>\u001b[39m\n          \u001b[36m<button\u001b[39m\n            \u001b[33mclass\u001b[39m=\u001b[32m\"inline-flex h-9 items-center gap-2 rounded-md bg-[#0b9a9a] px-3 text-sm font-semibold text-white hover:bg-[#087f7f]\"\u001b[39m\n            \u001b[33mtype\u001b[39m=\u001b[32m\"button\"\u001b[39m\n          \u001b[36m>\u001b[39m\n            \u001b[36m<svg\u001b[39m\n              \u001b[33maria-hidden\u001b[39m=\u001b[32m\"true\"\u001b[39m\n              \u001b[33mclass\u001b[39m=\u001b[32m\"lucide lucide-download h-4 w-4\"\u001b[39m\n              \u001b[33mfill\u001b[39m=\u001b[32m\"none\"\u001b[39m\n              \u001b[33mheight\u001b[39m=\u001b[32m\"24\"\u001b[39m\n              \u001b[33mstroke\u001b[39m=\u001b[32m\"currentColor\"\u001b[39m\n              \u001b[33mstroke-linecap\u001b[39m=\u001b[32m\"round\"\u001b[39m\n              \u001b[33mstroke-linejoin\u001b[39m=\u001b[32m\"round\"\u001b[39m\n              \u001b[33mstroke-width\u001b[39m=\u001b[32m\"2\"\u001b[39m\n              \u001b[33mviewBox\u001b[39m=\u001b[32m\"0 0 24 24\"\u001b[39m\n              \u001b[33mwidth\u001b[39m=\u001b[32m\"24\"\u001b[39m\n              \u001b[33mxmlns\u001b[39m=\u001b[32m\"http://www.w3.org/2000/svg\"\u001b[39m\n            \u001b[36m>\u001b[39m\n              \u001b[36m<path\u001b[39m\n                \u001b[33md\u001b[39m=\u001b[32m\"M21 15v4a2 2 0 0 1-2 2H5a2 2 0 0 1-2-2v-4\"\u001b[39m\n              \u001b[36m/>\u001b[39m\n              \u001b[36m<polyline\u001b[39m\n                \u001b[33mpoints\u001b[39m=\u001b[32m\"7 10 12 15 17 10\"\u001b[39m\n              \u001b[36m/>\u001b[39m\n              \u001b[36m<line\u001b[39m\n                \u001b[33mx1\u001b[39m=\u001b[32m\"12\"\u001b[39m\n                \u001b[33mx2\u001b[39m=\u001b[32m\"12\"\u001b[39m\n                \u001b[33my1\u001b[39m=\u001b[32m\"15\"\u001b[39m\n                \u001b[33my2\u001b[39m=\u001b[32m\"3\"\u001b[39m\n              \u001b[36m/>\u001b[39m\n            \u001b[36m</svg>\u001b[39m\n            \u001b[0m导出结果\u001b[0m\n          \u001b[36m</button>\u001b[39m\n          \u001b[36m<div\u001b[39m\n            \u001b[33mclass\u001b[39m=\u001b[32m\"hidden items-center gap-2 border-l border-[#e4e9ef] pl-3 text-sm text-[#303846] md:flex\"\u001b[39m\n          \u001b[36m>\u001b[39m\n            \u001b[36m<span\u001b[39m\n              \u001b[33mclass\u001b[39m=\u001b[32m\"grid h-8 w-8 place-items-center rounded-full bg-[#eef2f6] text-[#5e6978]\"\u001b[39m\n            \u001b[36m>\u001b[39m\n              \u001b[0m●\u001b[0m\n            \u001b[36m</span>\u001b[39m\n            \u001b[36m<span>\u001b[39m\n              \u001b[0madmin\u001b[0m\n            \u001b[36m</span>\u001b[39m\n            \u001b[36m<svg\u001b[39m\n              \u001b[33maria-hidden\u001b[39m=\u001b[32m\"true\"\u001b[39m\n              \u001b[33mclass\u001b[39m=\u001b[32m\"lucide lucide-chevron-down h-4 w-4 text-[#5e6978]\"\u001b[39m\n              \u001b[33mfill\u001b[39m=\u001b[32m\"none\"\u001b[39m\n              \u001b[33mheight\u001b[39m=\u001b[32m\"24\"\u001b[39m\n              \u001b[33mstroke\u001b[39m=\u001b[32m\"currentColor\"\u001b[39m\n              \u001b[33mstroke-linecap\u001b[39m=\u001b[32m\"round\"\u001b[39m\n              \u001b[33mstroke-linejoin\u001b[39m=\u001b[32m\"round\"\u001b[39m\n              \u001b[33mstroke-width\u001b[39m=\u001b[32m\"2\"\u001b[39m\n              \u001b[33mviewBox\u001b[39m=\u001b[32m\"0 0 24 24\"\u001b[39m\n              \u001b[33mwidth\u001b[39m=\u001b[32m\"24\"\u001b[39m\n              \u001b[33mxmlns\u001b[39m=\u001b[32m\"http://www.w3.org/2000/svg\"\u001b[39m\n            \u001b[36m>\u001b[39m\n              \u001b[36m<path\u001b[39m\n                \u001b[33md\u001b[39m=\u001b[32m\"m6 9 6 6 6-6\"\u001b[39m\n              \u001b[36m/>\u001b[39m\n            \u001b[36m</svg>\u001b[39m\n          \u001b[36m</div>\u001b[39m\n        \u001b[36m</div>\u001b[39m\n      \u001b[36m</header>\u001b[39m\n      \u001b[36m<main\u001b[39m\n        \u001b[33mclass\u001b[39m=\u001b[32m\"grid gap-4 p-4 xl:grid-cols-[min...\n    at waitForWrapper (d:\\Github\\clone\\tijianbaogao\\门店数据诊断智能体\\store-ai-clinic-web\\node_modules\\@testing-library\\dom\\dist\\wait-for.js:163:27)\n    at d:\\Github\\clone\\tijianbaogao\\门店数据诊断智能体\\store-ai-clinic-web\\node_modules\\@testing-library\\dom\\dist\\query-helpers.js:86:33\n    at d:\\Github\\clone\\tijianbaogao\\门店数据诊断智能体\\store-ai-clinic-web\\tests\\unit\\quality-shell-interactions.test.tsx:1132:18\n    at file:///d:/Github/clone/tijianbaogao/%E9%97%A8%E5%BA%97%E6%95%B0%E6%8D%AE%E8%AF%8A%E6%96%AD%E6%99%BA%E8%83%BD%E4%BD%93/store-ai-clinic-web/node_modules/@vitest/runner/dist/index.js:533:5\n    at runTest (file:///d:/Github/clone/tijianbaogao/%E9%97%A8%E5%BA%97%E6%95%B0%E6%8D%AE%E8%AF%8A%E6%96%AD%E6%99%BA%E8%83%BD%E4%BD%93/store-ai-clinic-web/node_modules/@vitest/runner/dist/index.js:1056:11)\n    at runSuite (file:///d:/Github/clone/tijianbaogao/%E9%97%A8%E5%BA%97%E6%95%B0%E6%8D%AE%E8%AF%8A%E6%96%AD%E6%99%BA%E8%83%BD%E4%BD%93/store-ai-clinic-web/node_modules/@vitest/runner/dist/index.js:1205:15)\n    at runSuite (file:///d:/Github/clone/tijianbaogao/%E9%97%A8%E5%BA%97%E6%95%B0%E6%8D%AE%E8%AF%8A%E6%96%AD%E6%99%BA%E8%83%BD%E4%BD%93/store-ai-clinic-web/node_modules/@vitest/runner/dist/index.js:1205:15)\n    at runFiles (file:///d:/Github/clone/tijianbaogao/%E9%97%A8%E5%BA%97%E6%95%B0%E6%8D%AE%E8%AF%8A%E6%96%AD%E6%99%BA%E8%83%BD%E4%BD%93/store-ai-clinic-web/node_modules/@vitest/runner/dist/index.js:1262:5)\n    at startTests (file:///d:/Github/clone/tijianbaogao/%E9%97%A8%E5%BA%97%E6%95%B0%E6%8D%AE%E8%AF%8A%E6%96%AD%E6%99%BA%E8%83%BD%E4%BD%93/store-ai-clinic-web/node_modules/@vitest/runner/dist/index.js:1271:3)\n    at file:///d:/Github/clone/tijianbaogao/%E9%97%A8%E5%BA%97%E6%95%B0%E6%8D%AE%E8%AF%8A%E6%96%AD%E6%99%BA%E8%83%BD%E4%BD%93/store-ai-clinic-web/node_modules/vitest/dist/chunks/runBaseTests.3qpJUEJM.js:126:11"],"meta":{}},{"ancestorTitles":["quality workspace interactions"],"fullName":"quality workspace interactions shows imported image evidence after data cleaning","status":"failed","title":"shows imported image evidence after data cleaning","duration":1143.4591999999993,"failureMessages":["Error: Unable to find an element with the text: 已导入 1 个文件. This could be because the text is broken up by multiple elements. In this case, you can provide a function for your text matcher to make your matcher more flexible.\n\nIgnored nodes: comments, script, style\n\u001b[36m<body>\u001b[39m\n  \u001b[36m<div>\u001b[39m\n    \u001b[36m<div\u001b[39m\n      \u001b[33mclass\u001b[39m=\u001b[32m\"min-h-full bg-[#f5f7fb] text-[#202733]\"\u001b[39m\n    \u001b[36m>\u001b[39m\n      \u001b[36m<header\u001b[39m\n        \u001b[33mclass\u001b[39m=\u001b[32m\"flex min-h-[58px] flex-wrap items-center justify-between gap-3 border-b border-[#dfe4ea] bg-white px-5 py-3\"\u001b[39m\n      \u001b[36m>\u001b[39m\n        \u001b[36m<div\u001b[39m\n          \u001b[33mclass\u001b[39m=\u001b[32m\"min-w-0\"\u001b[39m\n        \u001b[36m>\u001b[39m\n          \u001b[36m<h1\u001b[39m\n            \u001b[33mclass\u001b[39m=\u001b[32m\"text-xl font-semibold text-[#151922]\"\u001b[39m\n          \u001b[36m>\u001b[39m\n            \u001b[0m批量检测工作台\u001b[0m\n          \u001b[36m</h1>\u001b[39m\n          \u001b[36m<p\u001b[39m\n            \u001b[33mclass\u001b[39m=\u001b[32m\"mt-1 text-sm text-[#0b8b8b]\"\u001b[39m\n            \u001b[33mrole\u001b[39m=\u001b[32m\"status\"\u001b[39m\n          \u001b[36m>\u001b[39m\n            \u001b[0m文件导入完成。\u001b[0m\n          \u001b[36m</p>\u001b[39m\n        \u001b[36m</div>\u001b[39m\n        \u001b[36m<div\u001b[39m\n          \u001b[33mclass\u001b[39m=\u001b[32m\"flex flex-wrap items-center gap-3\"\u001b[39m\n        \u001b[36m>\u001b[39m\n          \u001b[36m<button\u001b[39m\n            \u001b[33mclass\u001b[39m=\u001b[32m\"inline-flex h-9 items-center gap-2 rounded-md border border-[#ccd5df] bg-white px-3 text-sm font-medium text-[#344054] hover:bg-[#f7f9fb]\"\u001b[39m\n            \u001b[33mtype\u001b[39m=\u001b[32m\"button\"\u001b[39m\n          \u001b[36m>\u001b[39m\n            \u001b[36m<svg\u001b[39m\n              \u001b[33maria-hidden\u001b[39m=\u001b[32m\"true\"\u001b[39m\n              \u001b[33mclass\u001b[39m=\u001b[32m\"lucide lucide-pause h-4 w-4\"\u001b[39m\n              \u001b[33mfill\u001b[39m=\u001b[32m\"none\"\u001b[39m\n              \u001b[33mheight\u001b[39m=\u001b[32m\"24\"\u001b[39m\n              \u001b[33mstroke\u001b[39m=\u001b[32m\"currentColor\"\u001b[39m\n              \u001b[33mstroke-linecap\u001b[39m=\u001b[32m\"round\"\u001b[39m\n              \u001b[33mstroke-linejoin\u001b[39m=\u001b[32m\"round\"\u001b[39m\n              \u001b[33mstroke-width\u001b[39m=\u001b[32m\"2\"\u001b[39m\n              \u001b[33mviewBox\u001b[39m=\u001b[32m\"0 0 24 24\"\u001b[39m\n              \u001b[33mwidth\u001b[39m=\u001b[32m\"24\"\u001b[39m\n              \u001b[33mxmlns\u001b[39m=\u001b[32m\"http://www.w3.org/2000/svg\"\u001b[39m\n            \u001b[36m>\u001b[39m\n              \u001b[36m<rect\u001b[39m\n                \u001b[33mheight\u001b[39m=\u001b[32m\"16\"\u001b[39m\n                \u001b[33mrx\u001b[39m=\u001b[32m\"1\"\u001b[39m\n                \u001b[33mwidth\u001b[39m=\u001b[32m\"4\"\u001b[39m\n                \u001b[33mx\u001b[39m=\u001b[32m\"14\"\u001b[39m\n                \u001b[33my\u001b[39m=\u001b[32m\"4\"\u001b[39m\n              \u001b[36m/>\u001b[39m\n              \u001b[36m<rect\u001b[39m\n                \u001b[33mheight\u001b[39m=\u001b[32m\"16\"\u001b[39m\n                \u001b[33mrx\u001b[39m=\u001b[32m\"1\"\u001b[39m\n                \u001b[33mwidth\u001b[39m=\u001b[32m\"4\"\u001b[39m\n                \u001b[33mx\u001b[39m=\u001b[32m\"6\"\u001b[39m\n                \u001b[33my\u001b[39m=\u001b[32m\"4\"\u001b[39m\n              \u001b[36m/>\u001b[39m\n            \u001b[36m</svg>\u001b[39m\n            \u001b[0m暂停任务\u001b[0m\n          \u001b[36m</button>\u001b[39m\n          \u001b[36m<button\u001b[39m\n            \u001b[33mclass\u001b[39m=\u001b[32m\"inline-flex h-9 items-center gap-2 rounded-md border border-[#ccd5df] bg-white px-3 text-sm font-medium text-[#344054] hover:bg-[#f7f9fb]\"\u001b[39m\n            \u001b[33mtype\u001b[39m=\u001b[32m\"button\"\u001b[39m\n          \u001b[36m>\u001b[39m\n            \u001b[36m<svg\u001b[39m\n              \u001b[33maria-hidden\u001b[39m=\u001b[32m\"true\"\u001b[39m\n              \u001b[33mclass\u001b[39m=\u001b[32m\"lucide lucide-refresh-cw h-4 w-4\"\u001b[39m\n              \u001b[33mfill\u001b[39m=\u001b[32m\"none\"\u001b[39m\n              \u001b[33mheight\u001b[39m=\u001b[32m\"24\"\u001b[39m\n              \u001b[33mstroke\u001b[39m=\u001b[32m\"currentColor\"\u001b[39m\n              \u001b[33mstroke-linecap\u001b[39m=\u001b[32m\"round\"\u001b[39m\n              \u001b[33mstroke-linejoin\u001b[39m=\u001b[32m\"round\"\u001b[39m\n              \u001b[33mstroke-width\u001b[39m=\u001b[32m\"2\"\u001b[39m\n              \u001b[33mviewBox\u001b[39m=\u001b[32m\"0 0 24 24\"\u001b[39m\n              \u001b[33mwidth\u001b[39m=\u001b[32m\"24\"\u001b[39m\n              \u001b[33mxmlns\u001b[39m=\u001b[32m\"http://www.w3.org/2000/svg\"\u001b[39m\n            \u001b[36m>\u001b[39m\n              \u001b[36m<path\u001b[39m\n                \u001b[33md\u001b[39m=\u001b[32m\"M3 12a9 9 0 0 1 9-9 9.75 9.75 0 0 1 6.74 2.74L21 8\"\u001b[39m\n              \u001b[36m/>\u001b[39m\n              \u001b[36m<path\u001b[39m\n                \u001b[33md\u001b[39m=\u001b[32m\"M21 3v5h-5\"\u001b[39m\n              \u001b[36m/>\u001b[39m\n              \u001b[36m<path\u001b[39m\n                \u001b[33md\u001b[39m=\u001b[32m\"M21 12a9 9 0 0 1-9 9 9.75 9.75 0 0 1-6.74-2.74L3 16\"\u001b[39m\n              \u001b[36m/>\u001b[39m\n              \u001b[36m<path\u001b[39m\n                \u001b[33md\u001b[39m=\u001b[32m\"M8 16H3v5\"\u001b[39m\n              \u001b[36m/>\u001b[39m\n            \u001b[36m</svg>\u001b[39m\n            \u001b[0m重新运行\u001b[0m\n          \u001b[36m</button>\u001b[39m\n          \u001b[36m<button\u001b[39m\n            \u001b[33mclass\u001b[39m=\u001b[32m\"inline-flex h-9 items-center gap-2 rounded-md bg-[#0b9a9a] px-3 text-sm font-semibold text-white hover:bg-[#087f7f]\"\u001b[39m\n            \u001b[33mtype\u001b[39m=\u001b[32m\"button\"\u001b[39m\n          \u001b[36m>\u001b[39m\n            \u001b[36m<svg\u001b[39m\n              \u001b[33maria-hidden\u001b[39m=\u001b[32m\"true\"\u001b[39m\n              \u001b[33mclass\u001b[39m=\u001b[32m\"lucide lucide-download h-4 w-4\"\u001b[39m\n              \u001b[33mfill\u001b[39m=\u001b[32m\"none\"\u001b[39m\n              \u001b[33mheight\u001b[39m=\u001b[32m\"24\"\u001b[39m\n              \u001b[33mstroke\u001b[39m=\u001b[32m\"currentColor\"\u001b[39m\n              \u001b[33mstroke-linecap\u001b[39m=\u001b[32m\"round\"\u001b[39m\n              \u001b[33mstroke-linejoin\u001b[39m=\u001b[32m\"round\"\u001b[39m\n              \u001b[33mstroke-width\u001b[39m=\u001b[32m\"2\"\u001b[39m\n              \u001b[33mviewBox\u001b[39m=\u001b[32m\"0 0 24 24\"\u001b[39m\n              \u001b[33mwidth\u001b[39m=\u001b[32m\"24\"\u001b[39m\n              \u001b[33mxmlns\u001b[39m=\u001b[32m\"http://www.w3.org/2000/svg\"\u001b[39m\n            \u001b[36m>\u001b[39m\n              \u001b[36m<path\u001b[39m\n                \u001b[33md\u001b[39m=\u001b[32m\"M21 15v4a2 2 0 0 1-2 2H5a2 2 0 0 1-2-2v-4\"\u001b[39m\n              \u001b[36m/>\u001b[39m\n              \u001b[36m<polyline\u001b[39m\n                \u001b[33mpoints\u001b[39m=\u001b[32m\"7 10 12 15 17 10\"\u001b[39m\n              \u001b[36m/>\u001b[39m\n              \u001b[36m<line\u001b[39m\n                \u001b[33mx1\u001b[39m=\u001b[32m\"12\"\u001b[39m\n                \u001b[33mx2\u001b[39m=\u001b[32m\"12\"\u001b[39m\n                \u001b[33my1\u001b[39m=\u001b[32m\"15\"\u001b[39m\n                \u001b[33my2\u001b[39m=\u001b[32m\"3\"\u001b[39m\n              \u001b[36m/>\u001b[39m\n            \u001b[36m</svg>\u001b[39m\n            \u001b[0m导出结果\u001b[0m\n          \u001b[36m</button>\u001b[39m\n          \u001b[36m<div\u001b[39m\n            \u001b[33mclass\u001b[39m=\u001b[32m\"hidden items-center gap-2 border-l border-[#e4e9ef] pl-3 text-sm text-[#303846] md:flex\"\u001b[39m\n          \u001b[36m>\u001b[39m\n            \u001b[36m<span\u001b[39m\n              \u001b[33mclass\u001b[39m=\u001b[32m\"grid h-8 w-8 place-items-center rounded-full bg-[#eef2f6] text-[#5e6978]\"\u001b[39m\n            \u001b[36m>\u001b[39m\n              \u001b[0m●\u001b[0m\n            \u001b[36m</span>\u001b[39m\n            \u001b[36m<span>\u001b[39m\n              \u001b[0madmin\u001b[0m\n            \u001b[36m</span>\u001b[39m\n            \u001b[36m<svg\u001b[39m\n              \u001b[33maria-hidden\u001b[39m=\u001b[32m\"true\"\u001b[39m\n              \u001b[33mclass\u001b[39m=\u001b[32m\"lucide lucide-chevron-down h-4 w-4 text-[#5e6978]\"\u001b[39m\n              \u001b[33mfill\u001b[39m=\u001b[32m\"none\"\u001b[39m\n              \u001b[33mheight\u001b[39m=\u001b[32m\"24\"\u001b[39m\n              \u001b[33mstroke\u001b[39m=\u001b[32m\"currentColor\"\u001b[39m\n              \u001b[33mstroke-linecap\u001b[39m=\u001b[32m\"round\"\u001b[39m\n              \u001b[33mstroke-linejoin\u001b[39m=\u001b[32m\"round\"\u001b[39m\n              \u001b[33mstroke-width\u001b[39m=\u001b[32m\"2\"\u001b[39m\n              \u001b[33mviewBox\u001b[39m=\u001b[32m\"0 0 24 24\"\u001b[39m\n              \u001b[33mwidth\u001b[39m=\u001b[32m\"24\"\u001b[39m\n              \u001b[33mxmlns\u001b[39m=\u001b[32m\"http://www.w3.org/2000/svg\"\u001b[39m\n            \u001b[36m>\u001b[39m\n              \u001b[36m<path\u001b[39m\n                \u001b[33md\u001b[39m=\u001b[32m\"m6 9 6 6 6-6\"\u001b[39m\n              \u001b[36m/>\u001b[39m\n            \u001b[36m</svg>\u001b[39m\n          \u001b[36m</div>\u001b[39m\n        \u001b[36m</div>\u001b[39m\n      \u001b[36m</header>\u001b[39m\n      \u001b[36m<main\u001b[39m\n        \u001b[33mclass\u001b[39m=\u001b[32m\"grid gap-4 p-4 xl:grid-cols-[min...\n    at waitForWrapper (d:\\Github\\clone\\tijianbaogao\\门店数据诊断智能体\\store-ai-clinic-web\\node_modules\\@testing-library\\dom\\dist\\wait-for.js:163:27)\n    at d:\\Github\\clone\\tijianbaogao\\门店数据诊断智能体\\store-ai-clinic-web\\node_modules\\@testing-library\\dom\\dist\\query-helpers.js:86:33\n    at d:\\Github\\clone\\tijianbaogao\\门店数据诊断智能体\\store-ai-clinic-web\\tests\\unit\\quality-shell-interactions.test.tsx:1228:18\n    at file:///d:/Github/clone/tijianbaogao/%E9%97%A8%E5%BA%97%E6%95%B0%E6%8D%AE%E8%AF%8A%E6%96%AD%E6%99%BA%E8%83%BD%E4%BD%93/store-ai-clinic-web/node_modules/@vitest/runner/dist/index.js:533:5\n    at runTest (file:///d:/Github/clone/tijianbaogao/%E9%97%A8%E5%BA%97%E6%95%B0%E6%8D%AE%E8%AF%8A%E6%96%AD%E6%99%BA%E8%83%BD%E4%BD%93/store-ai-clinic-web/node_modules/@vitest/runner/dist/index.js:1056:11)\n    at runSuite (file:///d:/Github/clone/tijianbaogao/%E9%97%A8%E5%BA%97%E6%95%B0%E6%8D%AE%E8%AF%8A%E6%96%AD%E6%99%BA%E8%83%BD%E4%BD%93/store-ai-clinic-web/node_modules/@vitest/runner/dist/index.js:1205:15)\n    at runSuite (file:///d:/Github/clone/tijianbaogao/%E9%97%A8%E5%BA%97%E6%95%B0%E6%8D%AE%E8%AF%8A%E6%96%AD%E6%99%BA%E8%83%BD%E4%BD%93/store-ai-clinic-web/node_modules/@vitest/runner/dist/index.js:1205:15)\n    at runFiles (file:///d:/Github/clone/tijianbaogao/%E9%97%A8%E5%BA%97%E6%95%B0%E6%8D%AE%E8%AF%8A%E6%96%AD%E6%99%BA%E8%83%BD%E4%BD%93/store-ai-clinic-web/node_modules/@vitest/runner/dist/index.js:1262:5)\n    at startTests (file:///d:/Github/clone/tijianbaogao/%E9%97%A8%E5%BA%97%E6%95%B0%E6%8D%AE%E8%AF%8A%E6%96%AD%E6%99%BA%E8%83%BD%E4%BD%93/store-ai-clinic-web/node_modules/@vitest/runner/dist/index.js:1271:3)\n    at file:///d:/Github/clone/tijianbaogao/%E9%97%A8%E5%BA%97%E6%95%B0%E6%8D%AE%E8%AF%8A%E6%96%AD%E6%99%BA%E8%83%BD%E4%BD%93/store-ai-clinic-web/node_modules/vitest/dist/chunks/runBaseTests.3qpJUEJM.js:126:11"],"meta":{}}],"startTime":1782827222112,"endTime":1782827234739.4592,"status":"failed","message":"","name":"d:/Github/clone/tijianbaogao/门店数据诊断智能体/store-ai-clinic-web/tests/unit/quality-shell-interactions.test.tsx"}]}